2025-01-22 11:34:27 -  - exec CUpdateClientPartner::GetUpdatesList
2025-01-22 11:34:27 -  - exec CUpdateClientPartner::__CollectRequestData
2025-01-22 11:34:27 -  - utf=Y&lang=ru&stable=Y&CANGZIP=Y&SUPD_DBS=MYSQL&XE=N&CLIENT_SITE=kolesa.affettago.ru&LICENSE_KEY=X&SUPD_STS=1&SUPD_URS=0&TYPENC=D&CLIENT_PHPVER=8.2.20&NGINX=Y&dbv=5.7.27&instm=main%2C24.0.796%2CY%3Bform%2C24.0.0%2CN%3Bsale%2C24.200.50%2CN%3Bcatalog%2C24.100.300%2CN%3Bsender%2C24.200.0%2CN%3Bforum%2C24.100.300%2CN%3Bsearch%2C24.0.0%2CN%3Bstoreassist%2C24.0.0%2CN%3Bbitrix.eshop%2C24.0.0%2CN%3Bvote%2C24.0.0%2CN%3Btranslate%2C24.0.0%2CN%3Babtest%2C24.100.0%2CN%3Bpull%2C24.400.100%2CN%3Blocation%2C24.100.0%2CN%3Bfileman%2C24.100.0%2CN%3Bmessageservice%2C24.500.0%2CN%3Bui%2C24.300.0%2CN%3Bcurrency%2C24.0.0%2CN%3Bbitrix.sitecorporate%2C24.0.0%2CN%3Bperfmon%2C24.0.0%2CN%3Bsubscribe%2C24.0.0%2CN%3Bclouds%2C24.100.0%2CN%3Blanding%2C24.400.300%2CN%3Bphotogallery%2C24.100.0%2CN%3Bblog%2C24.0.0%2CN%3Bhighloadblock%2C24.0.201%2CN%3Bbitrixcloud%2C24.0.0%2CN%3Bb24connector%2C24.0.0%2CN%3Brest%2C24.500.0%2CN%3Bseo%2C24.300.0%2CN%3Bsocialservices%2C24.0.200%2CN%3Bmobileapp%2C24.0.0%2CN%3Biblock%2C24.0.200%2CN%3Breport%2C24.100.0%2CN%3Bconversion%2C24.0.0%2CN%3Bsecurity%2C24.0.0%2CN&reqm=bitrix.eshop%2Cbitrix.sitecorporate&SUPD_SRS=RU&SUPD_CMP=N
2025-01-22 11:34:27 -  - exec CUpdateClientPartner::GetHTTPPage
2025-01-22 11:34:27 -  - TIME GetUpdatesList(request) 0.056 sec
2025-01-22 11:34:27 -  - exec CUpdateClientPartner::ParseServerData
2025-01-22 11:34:29 -  - exec CUpdateClientPartner::GetUpdatesList
2025-01-22 11:34:29 -  - exec CUpdateClientPartner::__CollectRequestData
2025-01-22 11:34:29 -  - utf=Y&lang=ru&stable=Y&CANGZIP=Y&SUPD_DBS=MYSQL&XE=N&CLIENT_SITE=kolesa.affettago.ru&LICENSE_KEY=X&SUPD_STS=1&SUPD_URS=0&TYPENC=D&CLIENT_PHPVER=8.2.20&NGINX=Y&dbv=5.7.27&instm=main%2C24.0.796%2CY%3Bform%2C24.0.0%2CN%3Bsale%2C24.200.50%2CN%3Bcatalog%2C24.100.300%2CN%3Bsender%2C24.200.0%2CN%3Bforum%2C24.100.300%2CN%3Bsearch%2C24.0.0%2CN%3Bstoreassist%2C24.0.0%2CN%3Bbitrix.eshop%2C24.0.0%2CN%3Bvote%2C24.0.0%2CN%3Btranslate%2C24.0.0%2CN%3Babtest%2C24.100.0%2CN%3Bpull%2C24.400.100%2CN%3Blocation%2C24.100.0%2CN%3Bfileman%2C24.100.0%2CN%3Bmessageservice%2C24.500.0%2CN%3Bui%2C24.300.0%2CN%3Bcurrency%2C24.0.0%2CN%3Bbitrix.sitecorporate%2C24.0.0%2CN%3Bperfmon%2C24.0.0%2CN%3Bsubscribe%2C24.0.0%2CN%3Bclouds%2C24.100.0%2CN%3Blanding%2C24.400.300%2CN%3Bphotogallery%2C24.100.0%2CN%3Bblog%2C24.0.0%2CN%3Bhighloadblock%2C24.0.201%2CN%3Bbitrixcloud%2C24.0.0%2CN%3Bb24connector%2C24.0.0%2CN%3Brest%2C24.500.0%2CN%3Bseo%2C24.300.0%2CN%3Bsocialservices%2C24.0.200%2CN%3Bmobileapp%2C24.0.0%2CN%3Biblock%2C24.0.200%2CN%3Breport%2C24.100.0%2CN%3Bconversion%2C24.0.0%2CN%3Bsecurity%2C24.0.0%2CN&reqm=bitrix.eshop%2Cbitrix.sitecorporate&fullmoduleinfo=Y&SUPD_SRS=RU&SUPD_CMP=N
2025-01-22 11:34:29 -  - exec CUpdateClientPartner::GetHTTPPage
2025-01-22 11:34:29 -  - TIME GetUpdatesList(request) 0.06 sec
2025-01-22 11:34:29 -  - exec CUpdateClientPartner::ParseServerData
2025-01-22 11:34:35 -  - exec CUpdateClientPartner::GetUpdatesList
2025-01-22 11:34:35 -  - exec CUpdateClientPartner::__CollectRequestData
2025-01-22 11:34:35 -  - utf=Y&lang=ru&stable=Y&CANGZIP=Y&SUPD_DBS=MYSQL&XE=N&CLIENT_SITE=kolesa.affettago.ru&LICENSE_KEY=X&SUPD_STS=1&SUPD_URS=0&TYPENC=D&CLIENT_PHPVER=8.2.20&NGINX=Y&dbv=5.7.27&instm=main%2C24.0.796%2CY%3Bform%2C24.0.0%2CN%3Bsale%2C24.200.50%2CN%3Bcatalog%2C24.100.300%2CN%3Bsender%2C24.200.0%2CN%3Bforum%2C24.100.300%2CN%3Bsearch%2C24.0.0%2CN%3Bstoreassist%2C24.0.0%2CN%3Bbitrix.eshop%2C24.0.0%2CN%3Bvote%2C24.0.0%2CN%3Btranslate%2C24.0.0%2CN%3Babtest%2C24.100.0%2CN%3Bpull%2C24.400.100%2CN%3Blocation%2C24.100.0%2CN%3Bfileman%2C24.100.0%2CN%3Bmessageservice%2C24.500.0%2CN%3Bui%2C24.300.0%2CN%3Bcurrency%2C24.0.0%2CN%3Bbitrix.sitecorporate%2C24.0.0%2CN%3Bperfmon%2C24.0.0%2CN%3Bsubscribe%2C24.0.0%2CN%3Bclouds%2C24.100.0%2CN%3Blanding%2C24.400.300%2CN%3Bphotogallery%2C24.100.0%2CN%3Bblog%2C24.0.0%2CN%3Bhighloadblock%2C24.0.201%2CN%3Bbitrixcloud%2C24.0.0%2CN%3Bb24connector%2C24.0.0%2CN%3Brest%2C24.500.0%2CN%3Bseo%2C24.300.0%2CN%3Bsocialservices%2C24.0.200%2CN%3Bmobileapp%2C24.0.0%2CN%3Biblock%2C24.0.200%2CN%3Breport%2C24.100.0%2CN%3Bconversion%2C24.0.0%2CN%3Bsecurity%2C24.0.0%2CN&reqm=bitrix.eshop%2Cbitrix.sitecorporate&fullmoduleinfo=Y&SUPD_SRS=RU&SUPD_CMP=N
2025-01-22 11:34:35 -  - exec CUpdateClientPartner::GetHTTPPage
2025-01-22 11:34:35 -  - TIME GetUpdatesList(request) 0.052 sec
2025-01-22 11:34:35 -  - exec CUpdateClientPartner::ParseServerData
2025-01-22 11:34:38 -  - exec CUpdateClientPartner::GetUpdatesList
2025-01-22 11:34:38 -  - exec CUpdateClientPartner::__CollectRequestData
2025-01-22 11:34:38 -  - utf=Y&lang=ru&stable=Y&CANGZIP=Y&SUPD_DBS=MYSQL&XE=N&CLIENT_SITE=kolesa.affettago.ru&LICENSE_KEY=X&SUPD_STS=1&SUPD_URS=0&TYPENC=D&CLIENT_PHPVER=8.2.20&NGINX=Y&dbv=5.7.27&instm=main%2C24.0.796%2CY%3Bform%2C24.0.0%2CN%3Bsale%2C24.200.50%2CN%3Bcatalog%2C24.100.300%2CN%3Bsender%2C24.200.0%2CN%3Bforum%2C24.100.300%2CN%3Bsearch%2C24.0.0%2CN%3Bstoreassist%2C24.0.0%2CN%3Bbitrix.eshop%2C24.0.0%2CN%3Bvote%2C24.0.0%2CN%3Btranslate%2C24.0.0%2CN%3Babtest%2C24.100.0%2CN%3Bpull%2C24.400.100%2CN%3Blocation%2C24.100.0%2CN%3Bfileman%2C24.100.0%2CN%3Bmessageservice%2C24.500.0%2CN%3Bui%2C24.300.0%2CN%3Bcurrency%2C24.0.0%2CN%3Bbitrix.sitecorporate%2C24.0.0%2CN%3Bperfmon%2C24.0.0%2CN%3Bsubscribe%2C24.0.0%2CN%3Bclouds%2C24.100.0%2CN%3Blanding%2C24.400.300%2CN%3Bphotogallery%2C24.100.0%2CN%3Bblog%2C24.0.0%2CN%3Bhighloadblock%2C24.0.201%2CN%3Bbitrixcloud%2C24.0.0%2CN%3Bb24connector%2C24.0.0%2CN%3Brest%2C24.500.0%2CN%3Bseo%2C24.300.0%2CN%3Bsocialservices%2C24.0.200%2CN%3Bmobileapp%2C24.0.0%2CN%3Biblock%2C24.0.200%2CN%3Breport%2C24.100.0%2CN%3Bconversion%2C24.0.0%2CN%3Bsecurity%2C24.0.0%2CN&reqm=bitrix.eshop%2Cbitrix.sitecorporate&fullmoduleinfo=Y&SUPD_SRS=RU&SUPD_CMP=N
2025-01-22 11:34:38 -  - exec CUpdateClientPartner::GetHTTPPage
2025-01-22 11:34:38 -  - TIME GetUpdatesList(request) 0.075 sec
2025-01-22 11:34:38 -  - exec CUpdateClientPartner::ParseServerData
2025-02-25 12:44:08 -  - exec CUpdateClientPartner::GetUpdatesList
2025-02-25 12:44:08 -  - exec CUpdateClientPartner::__CollectRequestData
2025-02-25 12:44:08 -  - utf=Y&lang=ru&stable=Y&CANGZIP=Y&SUPD_DBS=MYSQL&XE=N&CLIENT_SITE=kolesa.affettago.ru&LICENSE_KEY=X&SUPD_STS=1&SUPD_URS=0&TYPENC=E&CLIENT_PHPVER=8.2.27&NGINX=Y&dbv=5.7.27&instm=main%2C24.350.0%2CN%3Bform%2C24.0.0%2CN%3Bsale%2C24.287.0%2CN%3Bcatalog%2C24.300.0%2CN%3Bsender%2C24.300.0%2CN%3Bforum%2C24.300.0%2CN%3Bsearch%2C24.0.0%2CN%3Bstoreassist%2C24.0.0%2CN%3Bbitrix.eshop%2C24.0.0%2CN%3Bvote%2C24.0.100%2CN%3Btranslate%2C24.100.0%2CN%3Babtest%2C24.100.0%2CN%3Bpull%2C24.500.300%2CN%3Blocation%2C25.0.0%2CN%3Bfileman%2C24.500.0%2CN%3Bmessageservice%2C24.900.0%2CN%3Bui%2C24.1200.0%2CN%3Bcurrency%2C24.0.0%2CN%3Bbitrix.sitecorporate%2C24.0.0%2CN%3Bperfmon%2C24.100.0%2CN%3Bsubscribe%2C24.0.0%2CN%3Bclouds%2C24.400.0%2CN%3Blanding%2C24.700.100%2CN%3Bphotogallery%2C24.100.0%2CN%3Bblog%2C24.300.0%2CN%3Bhighloadblock%2C24.0.201%2CN%3Bbitrixcloud%2C24.100.0%2CN%3Bb24connector%2C24.0.0%2CN%3Brest%2C24.700.0%2CN%3Bseo%2C24.600.100%2CN%3Bsocialservices%2C24.100.0%2CN%3Bmobileapp%2C24.100.0%2CN%3Biblock%2C24.200.0%2CN%3Breport%2C24.100.0%2CN%3Bconversion%2C24.0.0%2CN%3Bsecurity%2C24.0.100%2CN&reqm=bitrix.eshop%2Cbitrix.sitecorporate&fullmoduleinfo=Y&SUPD_SRS=RU&SUPD_CMP=N
2025-02-25 12:44:08 -  - exec CUpdateClientPartner::GetHTTPPage
2025-02-25 12:44:08 -  - TIME GetUpdatesList(request) 0.155 sec
2025-02-25 12:44:08 -  - exec CUpdateClientPartner::ParseServerData
2025-02-25 12:44:12 -  - exec CUpdateClientPartner::GetUpdatesList
2025-02-25 12:44:12 -  - exec CUpdateClientPartner::__CollectRequestData
2025-02-25 12:44:12 -  - utf=Y&lang=ru&stable=Y&CANGZIP=Y&SUPD_DBS=MYSQL&XE=N&CLIENT_SITE=kolesa.affettago.ru&LICENSE_KEY=X&SUPD_STS=1&SUPD_URS=0&TYPENC=E&CLIENT_PHPVER=8.2.27&NGINX=Y&dbv=5.7.27&instm=main%2C24.350.0%2CN%3Bform%2C24.0.0%2CN%3Bsale%2C24.287.0%2CN%3Bcatalog%2C24.300.0%2CN%3Bsender%2C24.300.0%2CN%3Bforum%2C24.300.0%2CN%3Bsearch%2C24.0.0%2CN%3Bstoreassist%2C24.0.0%2CN%3Bbitrix.eshop%2C24.0.0%2CN%3Bvote%2C24.0.100%2CN%3Btranslate%2C24.100.0%2CN%3Babtest%2C24.100.0%2CN%3Bpull%2C24.500.300%2CN%3Blocation%2C25.0.0%2CN%3Bfileman%2C24.500.0%2CN%3Bmessageservice%2C24.900.0%2CN%3Bui%2C24.1200.0%2CN%3Bcurrency%2C24.0.0%2CN%3Bbitrix.sitecorporate%2C24.0.0%2CN%3Bperfmon%2C24.100.0%2CN%3Bsubscribe%2C24.0.0%2CN%3Bclouds%2C24.400.0%2CN%3Blanding%2C24.700.100%2CN%3Bphotogallery%2C24.100.0%2CN%3Bblog%2C24.300.0%2CN%3Bhighloadblock%2C24.0.201%2CN%3Bbitrixcloud%2C24.100.0%2CN%3Bb24connector%2C24.0.0%2CN%3Brest%2C24.700.0%2CN%3Bseo%2C24.600.100%2CN%3Bsocialservices%2C24.100.0%2CN%3Bmobileapp%2C24.100.0%2CN%3Biblock%2C24.200.0%2CN%3Breport%2C24.100.0%2CN%3Bconversion%2C24.0.0%2CN%3Bsecurity%2C24.0.100%2CN&reqm=bitrix.eshop%2Cbitrix.sitecorporate&SUPD_SRS=RU&SUPD_CMP=N
2025-02-25 12:44:12 -  - exec CUpdateClientPartner::GetHTTPPage
2025-02-25 12:44:12 -  - TIME GetUpdatesList(request) 0.149 sec
2025-02-25 12:44:12 -  - exec CUpdateClientPartner::ParseServerData
2025-02-25 14:30:24 -  - exec CUpdateClientPartner::GetUpdatesList
2025-02-25 14:30:24 -  - exec CUpdateClientPartner::__CollectRequestData
2025-02-25 14:30:24 -  - utf=Y&lang=ru&stable=Y&CANGZIP=Y&SUPD_DBS=MYSQL&XE=N&CLIENT_SITE=kolesa.affettago.ru&LICENSE_KEY=X&SUPD_STS=1&SUPD_URS=0&TYPENC=E&CLIENT_PHPVER=8.2.27&NGINX=Y&dbv=5.7.27&instm=main%2C24.350.0%2CN%3Bform%2C24.0.0%2CN%3Bsale%2C24.287.0%2CN%3Bcatalog%2C24.300.0%2CN%3Bsender%2C24.300.0%2CN%3Bforum%2C24.300.0%2CN%3Bsearch%2C24.0.0%2CN%3Bstoreassist%2C24.0.0%2CN%3Bbitrix.eshop%2C24.0.0%2CN%3Bvote%2C24.0.100%2CN%3Btranslate%2C24.100.0%2CN%3Babtest%2C24.100.0%2CN%3Bpull%2C24.500.300%2CN%3Blocation%2C25.0.0%2CN%3Bfileman%2C24.500.0%2CN%3Bmessageservice%2C24.900.0%2CN%3Bui%2C24.1200.0%2CN%3Bcurrency%2C24.0.0%2CN%3Bbitrix.sitecorporate%2C24.0.0%2CN%3Bperfmon%2C24.100.0%2CN%3Bsubscribe%2C24.0.0%2CN%3Bclouds%2C24.400.0%2CN%3Blanding%2C24.700.100%2CN%3Bphotogallery%2C24.100.0%2CN%3Bblog%2C24.300.0%2CN%3Bhighloadblock%2C24.0.201%2CN%3Bbitrixcloud%2C24.100.0%2CN%3Bb24connector%2C24.0.0%2CN%3Brest%2C24.700.0%2CN%3Bseo%2C24.600.100%2CN%3Bsocialservices%2C24.100.0%2CN%3Bmobileapp%2C24.100.0%2CN%3Biblock%2C24.200.0%2CN%3Breport%2C24.100.0%2CN%3Bconversion%2C24.0.0%2CN%3Bsecurity%2C24.0.100%2CN&reqm=bitrix.eshop%2Cbitrix.sitecorporate&SUPD_SRS=RU&SUPD_CMP=N
2025-02-25 14:30:24 -  - exec CUpdateClientPartner::GetHTTPPage
2025-02-25 14:30:24 -  - TIME GetUpdatesList(request) 0.154 sec
2025-02-25 14:30:24 -  - exec CUpdateClientPartner::ParseServerData
2025-02-25 14:53:46 -  - exec CUpdateClientPartner::GetUpdatesList
2025-02-25 14:53:46 -  - exec CUpdateClientPartner::__CollectRequestData
2025-02-25 14:53:46 -  - utf=Y&lang=ru&stable=Y&CANGZIP=Y&SUPD_DBS=MYSQL&XE=N&CLIENT_SITE=kolesa.affettago.ru&LICENSE_KEY=X&SUPD_STS=1&SUPD_URS=0&TYPENC=E&CLIENT_PHPVER=8.2.27&NGINX=Y&dbv=5.7.27&instm=main%2C24.350.0%2CN%3Bform%2C24.0.0%2CN%3Bsale%2C24.287.0%2CN%3Bcatalog%2C24.300.0%2CN%3Bsender%2C24.300.0%2CN%3Bforum%2C24.300.0%2CN%3Bsearch%2C24.0.0%2CN%3Bstoreassist%2C24.0.0%2CN%3Bbitrix.eshop%2C24.0.0%2CN%3Bvote%2C24.0.100%2CN%3Btranslate%2C24.100.0%2CN%3Babtest%2C24.100.0%2CN%3Bpull%2C24.500.300%2CN%3Blocation%2C25.0.0%2CN%3Bfileman%2C24.500.0%2CN%3Bmessageservice%2C24.900.0%2CN%3Bui%2C24.1200.0%2CN%3Bcurrency%2C24.0.0%2CN%3Bbitrix.sitecorporate%2C24.0.0%2CN%3Bperfmon%2C24.100.0%2CN%3Bsubscribe%2C24.0.0%2CN%3Bclouds%2C24.400.0%2CN%3Blanding%2C24.700.100%2CN%3Bphotogallery%2C24.100.0%2CN%3Bblog%2C24.300.0%2CN%3Bhighloadblock%2C24.0.201%2CN%3Bbitrixcloud%2C24.100.0%2CN%3Bb24connector%2C24.0.0%2CN%3Brest%2C24.700.0%2CN%3Bseo%2C24.600.100%2CN%3Bsocialservices%2C24.100.0%2CN%3Bmobileapp%2C24.100.0%2CN%3Biblock%2C24.200.0%2CN%3Breport%2C24.100.0%2CN%3Bconversion%2C24.0.0%2CN%3Bsecurity%2C24.0.100%2CN&reqm=bitrix.eshop%2Cbitrix.sitecorporate&fullmoduleinfo=Y&SUPD_SRS=RU&SUPD_CMP=N
2025-02-25 14:53:46 -  - exec CUpdateClientPartner::GetHTTPPage
2025-02-25 14:53:46 -  - TIME GetUpdatesList(request) 0.231 sec
2025-02-25 14:53:46 -  - exec CUpdateClientPartner::ParseServerData
2025-02-25 14:53:57 -  - exec CUpdateClientPartner::GetUpdatesList
2025-02-25 14:53:57 -  - exec CUpdateClientPartner::__CollectRequestData
2025-02-25 14:53:57 -  - utf=Y&lang=ru&stable=Y&CANGZIP=Y&SUPD_DBS=MYSQL&XE=N&CLIENT_SITE=kolesa.affettago.ru&LICENSE_KEY=X&SUPD_STS=1&SUPD_URS=0&TYPENC=E&CLIENT_PHPVER=8.2.27&NGINX=Y&dbv=5.7.27&instm=main%2C24.350.0%2CN%3Bform%2C24.0.0%2CN%3Bsale%2C24.287.0%2CN%3Bcatalog%2C24.300.0%2CN%3Bsender%2C24.300.0%2CN%3Bforum%2C24.300.0%2CN%3Bsearch%2C24.0.0%2CN%3Bstoreassist%2C24.0.0%2CN%3Bbitrix.eshop%2C24.0.0%2CN%3Bvote%2C24.0.100%2CN%3Btranslate%2C24.100.0%2CN%3Babtest%2C24.100.0%2CN%3Bpull%2C24.500.300%2CN%3Blocation%2C25.0.0%2CN%3Bfileman%2C24.500.0%2CN%3Bmessageservice%2C24.900.0%2CN%3Bui%2C24.1200.0%2CN%3Bcurrency%2C24.0.0%2CN%3Bbitrix.sitecorporate%2C24.0.0%2CN%3Bperfmon%2C24.100.0%2CN%3Bsubscribe%2C24.0.0%2CN%3Bclouds%2C24.400.0%2CN%3Blanding%2C24.700.100%2CN%3Bphotogallery%2C24.100.0%2CN%3Bblog%2C24.300.0%2CN%3Bhighloadblock%2C24.0.201%2CN%3Bbitrixcloud%2C24.100.0%2CN%3Bb24connector%2C24.0.0%2CN%3Brest%2C24.700.0%2CN%3Bseo%2C24.600.100%2CN%3Bsocialservices%2C24.100.0%2CN%3Bmobileapp%2C24.100.0%2CN%3Biblock%2C24.200.0%2CN%3Breport%2C24.100.0%2CN%3Bconversion%2C24.0.0%2CN%3Bsecurity%2C24.0.100%2CN&reqm=bitrix.eshop%2Cbitrix.sitecorporate&fullmoduleinfo=Y&SUPD_SRS=RU&SUPD_CMP=N
2025-02-25 14:53:57 -  - exec CUpdateClientPartner::GetHTTPPage
2025-02-25 14:53:57 -  - TIME GetUpdatesList(request) 0.138 sec
2025-02-25 14:53:57 -  - exec CUpdateClientPartner::ParseServerData
2025-02-25 14:53:57 -  - exec CUpdateClientPartner::GetUpdatesList
2025-02-25 14:53:57 -  - exec CUpdateClientPartner::__CollectRequestData
2025-02-25 14:53:57 -  - utf=Y&lang=ru&stable=Y&CANGZIP=Y&SUPD_DBS=MYSQL&XE=N&CLIENT_SITE=kolesa.affettago.ru&LICENSE_KEY=X&SUPD_STS=1&SUPD_URS=0&TYPENC=E&CLIENT_PHPVER=8.2.27&NGINX=Y&dbv=5.7.27&instm=main%2C24.350.0%2CN%3Bform%2C24.0.0%2CN%3Bsale%2C24.287.0%2CN%3Bcatalog%2C24.300.0%2CN%3Bsender%2C24.300.0%2CN%3Bforum%2C24.300.0%2CN%3Bsearch%2C24.0.0%2CN%3Bstoreassist%2C24.0.0%2CN%3Bbitrix.eshop%2C24.0.0%2CN%3Bvote%2C24.0.100%2CN%3Btranslate%2C24.100.0%2CN%3Babtest%2C24.100.0%2CN%3Bpull%2C24.500.300%2CN%3Blocation%2C25.0.0%2CN%3Bfileman%2C24.500.0%2CN%3Bmessageservice%2C24.900.0%2CN%3Bui%2C24.1200.0%2CN%3Bcurrency%2C24.0.0%2CN%3Bbitrix.sitecorporate%2C24.0.0%2CN%3Bperfmon%2C24.100.0%2CN%3Bsubscribe%2C24.0.0%2CN%3Bclouds%2C24.400.0%2CN%3Blanding%2C24.700.100%2CN%3Bphotogallery%2C24.100.0%2CN%3Bblog%2C24.300.0%2CN%3Bhighloadblock%2C24.0.201%2CN%3Bbitrixcloud%2C24.100.0%2CN%3Bb24connector%2C24.0.0%2CN%3Brest%2C24.700.0%2CN%3Bseo%2C24.600.100%2CN%3Bsocialservices%2C24.100.0%2CN%3Bmobileapp%2C24.100.0%2CN%3Biblock%2C24.200.0%2CN%3Breport%2C24.100.0%2CN%3Bconversion%2C24.0.0%2CN%3Bsecurity%2C24.0.100%2CN&reqm=bitrix.eshop%2Cbitrix.sitecorporate&fullmoduleinfo=Y&SUPD_SRS=RU&SUPD_CMP=N
2025-02-25 14:53:57 -  - exec CUpdateClientPartner::GetHTTPPage
2025-02-25 14:53:57 -  - TIME GetUpdatesList(request) 0.138 sec
2025-02-25 14:53:57 -  - exec CUpdateClientPartner::ParseServerData
2025-02-25 14:55:53 -  - exec CUpdateClientPartner::GetUpdatesList
2025-02-25 14:55:53 -  - exec CUpdateClientPartner::__CollectRequestData
2025-02-25 14:55:53 -  - utf=Y&lang=ru&stable=Y&CANGZIP=Y&SUPD_DBS=MYSQL&XE=N&CLIENT_SITE=kolesa.affettago.ru&LICENSE_KEY=X&SUPD_STS=1&SUPD_URS=0&TYPENC=E&CLIENT_PHPVER=8.2.27&NGINX=Y&dbv=5.7.27&instm=main%2C24.350.0%2CN%3Bform%2C24.0.0%2CN%3Bsale%2C24.287.0%2CN%3Bcatalog%2C24.300.0%2CN%3Bsender%2C24.300.0%2CN%3Bforum%2C24.300.0%2CN%3Bsearch%2C24.0.0%2CN%3Bstoreassist%2C24.0.0%2CN%3Bbitrix.eshop%2C24.0.0%2CN%3Bvote%2C24.0.100%2CN%3Btranslate%2C24.100.0%2CN%3Babtest%2C24.100.0%2CN%3Bpull%2C24.500.300%2CN%3Blocation%2C25.0.0%2CN%3Bfileman%2C24.500.0%2CN%3Bmessageservice%2C24.900.0%2CN%3Bui%2C24.1200.0%2CN%3Bcurrency%2C24.0.0%2CN%3Bbitrix.sitecorporate%2C24.0.0%2CN%3Bperfmon%2C24.100.0%2CN%3Bsubscribe%2C24.0.0%2CN%3Bclouds%2C24.400.0%2CN%3Blanding%2C24.700.100%2CN%3Bphotogallery%2C24.100.0%2CN%3Bblog%2C24.300.0%2CN%3Bhighloadblock%2C24.0.201%2CN%3Bbitrixcloud%2C24.100.0%2CN%3Bb24connector%2C24.0.0%2CN%3Brest%2C24.700.0%2CN%3Bseo%2C24.600.100%2CN%3Bsocialservices%2C24.100.0%2CN%3Bmobileapp%2C24.100.0%2CN%3Biblock%2C24.200.0%2CN%3Breport%2C24.100.0%2CN%3Bconversion%2C24.0.0%2CN%3Bsecurity%2C24.0.100%2CN&reqm=bitrix.eshop%2Cbitrix.sitecorporate&fullmoduleinfo=Y&SUPD_SRS=RU&SUPD_CMP=N
2025-02-25 14:55:53 -  - exec CUpdateClientPartner::GetHTTPPage
2025-02-25 14:55:53 -  - TIME GetUpdatesList(request) 0.122 sec
2025-02-25 14:55:53 -  - exec CUpdateClientPartner::ParseServerData
2025-02-25 14:59:11 -  - exec CUpdateClientPartner::GetUpdatesList
2025-02-25 14:59:11 -  - exec CUpdateClientPartner::__CollectRequestData
2025-02-25 14:59:11 -  - utf=Y&lang=ru&stable=Y&CANGZIP=Y&SUPD_DBS=MYSQL&XE=N&CLIENT_SITE=kolesa.affettago.ru&LICENSE_KEY=X&SUPD_STS=1&SUPD_URS=0&TYPENC=E&CLIENT_PHPVER=8.2.27&NGINX=Y&dbv=5.7.27&instm=main%2C24.350.0%2CN%3Bform%2C24.0.0%2CN%3Bsale%2C24.287.0%2CN%3Bcatalog%2C24.300.0%2CN%3Bsender%2C24.300.0%2CN%3Bforum%2C24.300.0%2CN%3Bsearch%2C24.0.0%2CN%3Bstoreassist%2C24.0.0%2CN%3Bbitrix.eshop%2C24.0.0%2CN%3Bvote%2C24.0.100%2CN%3Btranslate%2C24.100.0%2CN%3Babtest%2C24.100.0%2CN%3Bpull%2C24.500.300%2CN%3Blocation%2C25.0.0%2CN%3Bfileman%2C24.500.0%2CN%3Bmessageservice%2C24.900.0%2CN%3Bui%2C24.1200.0%2CN%3Bcurrency%2C24.0.0%2CN%3Bbitrix.sitecorporate%2C24.0.0%2CN%3Bperfmon%2C24.100.0%2CN%3Bsubscribe%2C24.0.0%2CN%3Bclouds%2C24.400.0%2CN%3Blanding%2C24.700.100%2CN%3Bphotogallery%2C24.100.0%2CN%3Bblog%2C24.300.0%2CN%3Bhighloadblock%2C24.0.201%2CN%3Bbitrixcloud%2C24.100.0%2CN%3Bb24connector%2C24.0.0%2CN%3Brest%2C24.700.0%2CN%3Bseo%2C24.600.100%2CN%3Bsocialservices%2C24.100.0%2CN%3Bmobileapp%2C24.100.0%2CN%3Biblock%2C24.200.0%2CN%3Breport%2C24.100.0%2CN%3Bconversion%2C24.0.0%2CN%3Bsecurity%2C24.0.100%2CN&reqm=bitrix.eshop%2Cbitrix.sitecorporate&fullmoduleinfo=Y&SUPD_SRS=RU&SUPD_CMP=N
2025-02-25 14:59:11 -  - exec CUpdateClientPartner::GetHTTPPage
2025-02-25 14:59:12 -  - TIME GetUpdatesList(request) 0.167 sec
2025-02-25 14:59:12 -  - exec CUpdateClientPartner::ParseServerData
2025-03-04 17:22:34 -  - exec CUpdateClientPartner::GetUpdatesList
2025-03-04 17:22:34 -  - exec CUpdateClientPartner::__CollectRequestData
2025-03-04 17:22:34 -  - utf=Y&lang=ru&stable=Y&CANGZIP=Y&SUPD_DBS=MYSQL&XE=N&CLIENT_SITE=kolesa.affettago.ru&LICENSE_KEY=X&SUPD_STS=1&SUPD_URS=0&TYPENC=E&CLIENT_PHPVER=8.2.27&NGINX=Y&dbv=5.7.27&instm=main%2C24.350.0%2CN%3Bform%2C24.0.0%2CN%3Bsale%2C24.287.0%2CN%3Bcatalog%2C24.300.0%2CN%3Bsender%2C24.300.0%2CN%3Bforum%2C24.300.0%2CN%3Bsearch%2C24.0.0%2CN%3Bstoreassist%2C24.0.0%2CN%3Bbitrix.eshop%2C24.0.0%2CN%3Bvote%2C24.0.100%2CN%3Btranslate%2C24.100.0%2CN%3Babtest%2C24.100.0%2CN%3Bpull%2C24.500.300%2CN%3Blocation%2C25.0.0%2CN%3Bfileman%2C24.500.0%2CN%3Bmessageservice%2C24.900.0%2CN%3Bui%2C24.1200.0%2CN%3Bcurrency%2C24.0.0%2CN%3Bbitrix.sitecorporate%2C24.0.0%2CN%3Bperfmon%2C24.100.0%2CN%3Bsubscribe%2C24.0.0%2CN%3Bclouds%2C24.400.0%2CN%3Blanding%2C24.700.100%2CN%3Bphotogallery%2C24.100.0%2CN%3Bblog%2C24.300.0%2CN%3Bhighloadblock%2C24.0.201%2CN%3Bbitrixcloud%2C24.100.0%2CN%3Bb24connector%2C24.0.0%2CN%3Brest%2C24.700.0%2CN%3Bseo%2C24.600.100%2CN%3Bsocialservices%2C24.100.0%2CN%3Bmobileapp%2C24.100.0%2CN%3Biblock%2C24.200.0%2CN%3Breport%2C24.100.0%2CN%3Bconversion%2C24.0.0%2CN%3Bsecurity%2C24.0.100%2CN&reqm=bitrix.eshop%2Cbitrix.sitecorporate&fullmoduleinfo=Y&SUPD_SRS=RU&SUPD_CMP=N
2025-03-04 17:22:34 -  - exec CUpdateClientPartner::GetHTTPPage
2025-03-04 17:22:34 -  - TIME GetUpdatesList(request) 0.165 sec
2025-03-04 17:22:34 -  - exec CUpdateClientPartner::ParseServerData
2025-03-12 14:36:50 -  - exec CUpdateClientPartner::GetUpdatesList
2025-03-12 14:36:50 -  - exec CUpdateClientPartner::__CollectRequestData
2025-03-12 14:36:50 -  - utf=Y&lang=ru&stable=Y&CANGZIP=Y&SUPD_DBS=MYSQL&XE=N&CLIENT_SITE=tytkolesa.ru&LICENSE_KEY=X&SUPD_STS=1&SUPD_URS=0&TYPENC=E&CLIENT_PHPVER=8.2.27&NGINX=Y&dbv=8.0.25&instm=main%2C24.350.0%2CN%3Bform%2C24.0.0%2CN%3Bcurrency%2C24.0.0%2CN%3Bfileman%2C24.500.0%2CN%3Btranslate%2C24.100.0%2CN%3Bblog%2C24.300.0%2CN%3Bvote%2C24.0.100%2CN%3Bconversion%2C24.0.0%2CN%3Bcatalog%2C24.300.0%2CN%3Blocation%2C25.0.0%2CN%3Bseo%2C24.600.100%2CN%3Bui%2C24.1200.0%2CN%3Babtest%2C24.100.0%2CN%3Bmessageservice%2C24.900.0%2CN%3Bb24connector%2C24.0.0%2CN%3Bmobileapp%2C24.100.0%2CN%3Bsale%2C24.287.0%2CN%3Bsocialservices%2C24.100.0%2CN%3Blanding%2C24.700.100%2CN%3Bpull%2C24.500.300%2CN%3Bbitrix.sitecorporate%2C24.0.0%2CN%3Bsubscribe%2C24.0.0%2CN%3Brest%2C24.700.0%2CN%3Bclouds%2C24.400.0%2CN%3Bsecurity%2C24.0.100%2CN%3Bsender%2C24.300.0%2CN%3Bforum%2C24.300.0%2CN%3Bbitrixcloud%2C24.100.0%2CN%3Breport%2C24.100.0%2CN%3Bhighloadblock%2C24.0.201%2CN%3Bbitrix.eshop%2C24.0.0%2CN%3Bstoreassist%2C24.0.0%2CN%3Biblock%2C24.200.0%2CN%3Bperfmon%2C24.100.0%2CN%3Bsearch%2C24.0.0%2CN%3Bphotogallery%2C24.100.0%2CN&reqm=bitrix.sitecorporate%2Cbitrix.eshop&fullmoduleinfo=Y&SUPD_SRS=RU&SUPD_CMP=N
2025-03-12 14:36:50 -  - exec CUpdateClientPartner::GetHTTPPage
2025-03-12 14:36:50 -  - TIME GetUpdatesList(request) 0.133 sec
2025-03-12 14:36:50 -  - exec CUpdateClientPartner::ParseServerData
2025-03-12 15:16:32 -  - exec CUpdateClientPartner::GetUpdatesList
2025-03-12 15:16:32 -  - exec CUpdateClientPartner::__CollectRequestData
2025-03-12 15:16:32 -  - utf=Y&lang=ru&stable=Y&CANGZIP=Y&SUPD_DBS=MYSQL&XE=N&CLIENT_SITE=tytkolesa.ru&LICENSE_KEY=X&SUPD_STS=1&SUPD_URS=0&TYPENC=E&CLIENT_PHPVER=8.2.27&NGINX=Y&dbv=8.0.25&instm=main%2C25.100.0%2CN%3Bform%2C24.0.0%2CN%3Bcurrency%2C24.0.0%2CN%3Bfileman%2C24.500.0%2CN%3Btranslate%2C24.100.0%2CN%3Bblog%2C24.300.0%2CN%3Bvote%2C24.0.100%2CN%3Bconversion%2C24.0.0%2CN%3Bcatalog%2C24.300.0%2CN%3Blocation%2C25.0.0%2CN%3Bseo%2C24.600.100%2CN%3Bui%2C25.0.0%2CN%3Babtest%2C24.100.0%2CN%3Bmessageservice%2C24.900.0%2CN%3Bb24connector%2C24.0.0%2CN%3Bmobileapp%2C24.100.100%2CN%3Bsale%2C24.300.0%2CN%3Bsocialservices%2C24.100.0%2CN%3Blanding%2C24.700.100%2CN%3Bpull%2C25.0.0%2CN%3Bbitrix.sitecorporate%2C24.0.0%2CN%3Bsubscribe%2C24.0.0%2CN%3Brest%2C24.700.0%2CN%3Bclouds%2C24.400.0%2CN%3Bsecurity%2C24.0.100%2CN%3Bsender%2C24.300.100%2CN%3Bforum%2C24.300.0%2CN%3Bbitrixcloud%2C24.100.0%2CN%3Breport%2C24.100.0%2CN%3Bhighloadblock%2C24.0.201%2CN%3Bbitrix.eshop%2C24.0.0%2CN%3Bstoreassist%2C24.0.0%2CN%3Biblock%2C24.200.0%2CN%3Bperfmon%2C24.100.0%2CN%3Bsearch%2C24.0.0%2CN%3Bphotogallery%2C25.0.0%2CN&reqm=bitrix.sitecorporate%2Cbitrix.eshop&fullmoduleinfo=Y&SUPD_SRS=RU&SUPD_CMP=N
2025-03-12 15:16:32 -  - exec CUpdateClientPartner::GetHTTPPage
2025-03-12 15:16:32 -  - TIME GetUpdatesList(request) 0.292 sec
2025-03-12 15:16:32 -  - exec CUpdateClientPartner::ParseServerData
2025-03-12 15:17:02 -  - exec CUpdateClientPartner::GetUpdatesList
2025-03-12 15:17:02 -  - exec CUpdateClientPartner::__CollectRequestData
2025-03-12 15:17:02 -  - utf=Y&lang=ru&stable=Y&CANGZIP=Y&SUPD_DBS=MYSQL&XE=N&CLIENT_SITE=tytkolesa.ru&LICENSE_KEY=X&SUPD_STS=1&SUPD_URS=0&TYPENC=E&CLIENT_PHPVER=8.2.27&NGINX=Y&dbv=8.0.25&instm=main%2C25.100.0%2CN%3Bform%2C24.0.0%2CN%3Bcurrency%2C24.0.0%2CN%3Bfileman%2C24.500.0%2CN%3Btranslate%2C24.100.0%2CN%3Bblog%2C24.300.0%2CN%3Bvote%2C24.0.100%2CN%3Bconversion%2C24.0.0%2CN%3Bcatalog%2C24.300.0%2CN%3Blocation%2C25.0.0%2CN%3Bseo%2C24.600.100%2CN%3Bui%2C25.0.0%2CN%3Babtest%2C24.100.0%2CN%3Bmessageservice%2C24.900.0%2CN%3Bb24connector%2C24.0.0%2CN%3Bmobileapp%2C24.100.100%2CN%3Bsale%2C24.300.0%2CN%3Bsocialservices%2C24.100.0%2CN%3Blanding%2C24.700.100%2CN%3Bpull%2C25.0.0%2CN%3Bbitrix.sitecorporate%2C24.0.0%2CN%3Bsubscribe%2C24.0.0%2CN%3Brest%2C24.700.0%2CN%3Bclouds%2C24.400.0%2CN%3Bsecurity%2C24.0.100%2CN%3Bsender%2C24.300.100%2CN%3Bforum%2C24.300.0%2CN%3Bbitrixcloud%2C24.100.0%2CN%3Breport%2C24.100.0%2CN%3Bhighloadblock%2C24.0.201%2CN%3Bbitrix.eshop%2C24.0.0%2CN%3Bstoreassist%2C24.0.0%2CN%3Biblock%2C24.200.0%2CN%3Bperfmon%2C24.100.0%2CN%3Bsearch%2C24.0.0%2CN%3Bphotogallery%2C25.0.0%2CN&reqm=bitrix.sitecorporate%2Cbitrix.eshop&fullmoduleinfo=Y&SUPD_SRS=RU&SUPD_CMP=N
2025-03-12 15:17:02 -  - exec CUpdateClientPartner::GetHTTPPage
2025-03-12 15:17:02 -  - TIME GetUpdatesList(request) 0.136 sec
2025-03-12 15:17:02 -  - exec CUpdateClientPartner::ParseServerData
2025-03-12 15:17:03 -  - exec CUpdateClientPartner::GetUpdatesList
2025-03-12 15:17:03 -  - exec CUpdateClientPartner::__CollectRequestData
2025-03-12 15:17:03 -  - utf=Y&lang=ru&stable=Y&CANGZIP=Y&SUPD_DBS=MYSQL&XE=N&CLIENT_SITE=tytkolesa.ru&LICENSE_KEY=X&SUPD_STS=1&SUPD_URS=0&TYPENC=E&CLIENT_PHPVER=8.2.27&NGINX=Y&dbv=8.0.25&instm=main%2C25.100.0%2CN%3Bform%2C24.0.0%2CN%3Bcurrency%2C24.0.0%2CN%3Bfileman%2C24.500.0%2CN%3Btranslate%2C24.100.0%2CN%3Bblog%2C24.300.0%2CN%3Bvote%2C24.0.100%2CN%3Bconversion%2C24.0.0%2CN%3Bcatalog%2C24.300.0%2CN%3Blocation%2C25.0.0%2CN%3Bseo%2C24.600.100%2CN%3Bui%2C25.0.0%2CN%3Babtest%2C24.100.0%2CN%3Bmessageservice%2C24.900.0%2CN%3Bb24connector%2C24.0.0%2CN%3Bmobileapp%2C24.100.100%2CN%3Bsale%2C24.300.0%2CN%3Bsocialservices%2C24.100.0%2CN%3Blanding%2C24.700.100%2CN%3Bpull%2C25.0.0%2CN%3Bbitrix.sitecorporate%2C24.0.0%2CN%3Bsubscribe%2C24.0.0%2CN%3Brest%2C24.700.0%2CN%3Bclouds%2C24.400.0%2CN%3Bsecurity%2C24.0.100%2CN%3Bsender%2C24.300.100%2CN%3Bforum%2C24.300.0%2CN%3Bbitrixcloud%2C24.100.0%2CN%3Breport%2C24.100.0%2CN%3Bhighloadblock%2C24.0.201%2CN%3Bbitrix.eshop%2C24.0.0%2CN%3Bstoreassist%2C24.0.0%2CN%3Biblock%2C24.200.0%2CN%3Bperfmon%2C24.100.0%2CN%3Bsearch%2C24.0.0%2CN%3Bphotogallery%2C25.0.0%2CN&reqm=bitrix.sitecorporate%2Cbitrix.eshop&fullmoduleinfo=Y&SUPD_SRS=RU&SUPD_CMP=N
2025-03-12 15:17:03 -  - exec CUpdateClientPartner::GetHTTPPage
2025-03-12 15:17:03 -  - TIME GetUpdatesList(request) 0.158 sec
2025-03-12 15:17:03 -  - exec CUpdateClientPartner::ParseServerData
2025-03-12 15:17:04 -  - exec CUpdateClientPartner::GetUpdatesList
2025-03-12 15:17:04 -  - exec CUpdateClientPartner::__CollectRequestData
2025-03-12 15:17:04 -  - utf=Y&lang=ru&stable=Y&CANGZIP=Y&SUPD_DBS=MYSQL&XE=N&CLIENT_SITE=tytkolesa.ru&LICENSE_KEY=X&SUPD_STS=1&SUPD_URS=0&TYPENC=E&CLIENT_PHPVER=8.2.27&NGINX=Y&dbv=8.0.25&instm=main%2C25.100.0%2CN%3Bform%2C24.0.0%2CN%3Bcurrency%2C24.0.0%2CN%3Bfileman%2C24.500.0%2CN%3Btranslate%2C24.100.0%2CN%3Bblog%2C24.300.0%2CN%3Bvote%2C24.0.100%2CN%3Bconversion%2C24.0.0%2CN%3Bcatalog%2C24.300.0%2CN%3Blocation%2C25.0.0%2CN%3Bseo%2C24.600.100%2CN%3Bui%2C25.0.0%2CN%3Babtest%2C24.100.0%2CN%3Bmessageservice%2C24.900.0%2CN%3Bb24connector%2C24.0.0%2CN%3Bmobileapp%2C24.100.100%2CN%3Bsale%2C24.300.0%2CN%3Bsocialservices%2C24.100.0%2CN%3Blanding%2C24.700.100%2CN%3Bpull%2C25.0.0%2CN%3Bbitrix.sitecorporate%2C24.0.0%2CN%3Bsubscribe%2C24.0.0%2CN%3Brest%2C24.700.0%2CN%3Bclouds%2C24.400.0%2CN%3Bsecurity%2C24.0.100%2CN%3Bsender%2C24.300.100%2CN%3Bforum%2C24.300.0%2CN%3Bbitrixcloud%2C24.100.0%2CN%3Breport%2C24.100.0%2CN%3Bhighloadblock%2C24.0.201%2CN%3Bbitrix.eshop%2C24.0.0%2CN%3Bstoreassist%2C24.0.0%2CN%3Biblock%2C24.200.0%2CN%3Bperfmon%2C24.100.0%2CN%3Bsearch%2C24.0.0%2CN%3Bphotogallery%2C25.0.0%2CN&reqm=bitrix.sitecorporate%2Cbitrix.eshop&fullmoduleinfo=Y&SUPD_SRS=RU&SUPD_CMP=N
2025-03-12 15:17:04 -  - exec CUpdateClientPartner::GetHTTPPage
2025-03-12 15:17:04 -  - TIME GetUpdatesList(request) 0.149 sec
2025-03-12 15:17:04 -  - exec CUpdateClientPartner::ParseServerData
2025-03-12 15:17:16 -  - exec CUpdateClientPartner::GetUpdatesList
2025-03-12 15:17:16 -  - exec CUpdateClientPartner::__CollectRequestData
2025-03-12 15:17:16 -  - utf=Y&lang=ru&stable=Y&CANGZIP=Y&SUPD_DBS=MYSQL&XE=N&CLIENT_SITE=tytkolesa.ru&LICENSE_KEY=X&SUPD_STS=1&SUPD_URS=0&TYPENC=E&CLIENT_PHPVER=8.2.27&NGINX=Y&dbv=8.0.25&instm=main%2C25.100.0%2CN%3Bform%2C24.0.0%2CN%3Bcurrency%2C24.0.0%2CN%3Bfileman%2C24.500.0%2CN%3Btranslate%2C24.100.0%2CN%3Bblog%2C24.300.0%2CN%3Bvote%2C24.0.100%2CN%3Bconversion%2C24.0.0%2CN%3Bcatalog%2C24.300.0%2CN%3Blocation%2C25.0.0%2CN%3Bseo%2C24.600.100%2CN%3Bui%2C25.0.0%2CN%3Babtest%2C24.100.0%2CN%3Bmessageservice%2C24.900.0%2CN%3Bb24connector%2C24.0.0%2CN%3Bmobileapp%2C24.100.100%2CN%3Bsale%2C24.300.0%2CN%3Bsocialservices%2C24.100.0%2CN%3Blanding%2C24.700.100%2CN%3Bpull%2C25.0.0%2CN%3Bbitrix.sitecorporate%2C24.0.0%2CN%3Bsubscribe%2C24.0.0%2CN%3Brest%2C24.700.0%2CN%3Bclouds%2C24.400.0%2CN%3Bsecurity%2C24.0.100%2CN%3Bsender%2C24.300.100%2CN%3Bforum%2C24.300.0%2CN%3Bbitrixcloud%2C24.100.0%2CN%3Breport%2C24.100.0%2CN%3Bhighloadblock%2C24.0.201%2CN%3Bbitrix.eshop%2C24.0.0%2CN%3Bstoreassist%2C24.0.0%2CN%3Biblock%2C24.200.0%2CN%3Bperfmon%2C24.100.0%2CN%3Bsearch%2C24.0.0%2CN%3Bphotogallery%2C25.0.0%2CN&reqm=bitrix.sitecorporate%2Cbitrix.eshop&fullmoduleinfo=Y&SUPD_SRS=RU&SUPD_CMP=N
2025-03-12 15:17:16 -  - exec CUpdateClientPartner::GetHTTPPage
2025-03-12 15:17:16 -  - TIME GetUpdatesList(request) 0.132 sec
2025-03-12 15:17:16 -  - exec CUpdateClientPartner::ParseServerData
2025-03-12 15:25:30 - Ux12 - Ошибка описания модуля "bitrix.xscan"
2025-03-12 15:25:30 -  - exec CUpdateClientPartner::GetUpdatesList
2025-03-12 15:25:30 -  - exec CUpdateClientPartner::__CollectRequestData
2025-03-12 15:25:30 - Ux12 - Ошибка описания модуля "bitrix.xscan"
2025-03-12 15:25:30 -  - utf=Y&lang=ru&stable=Y&CANGZIP=Y&SUPD_DBS=MYSQL&XE=N&CLIENT_SITE=tytkolesa.ru&LICENSE_KEY=X&SUPD_STS=1&SUPD_URS=0&TYPENC=E&CLIENT_PHPVER=8.2.27&NGINX=Y&dbv=8.0.25&instm=main%2C25.100.0%2CN%3Bform%2C24.0.0%2CN%3Bcurrency%2C24.0.0%2CN%3Bfileman%2C24.500.0%2CN%3Btranslate%2C24.100.0%2CN%3Bblog%2C24.300.0%2CN%3Bvote%2C24.0.100%2CN%3Bconversion%2C24.0.0%2CN%3Bcatalog%2C24.300.0%2CN%3Blocation%2C25.0.0%2CN%3Bseo%2C24.600.100%2CN%3Bui%2C25.0.0%2CN%3Babtest%2C24.100.0%2CN%3Bmessageservice%2C24.900.0%2CN%3Bb24connector%2C24.0.0%2CN%3Bmobileapp%2C24.100.100%2CN%3Bsale%2C24.300.0%2CN%3Bsocialservices%2C24.100.0%2CN%3Blanding%2C24.700.100%2CN%3Bpull%2C25.0.0%2CN%3Bbitrix.sitecorporate%2C24.0.0%2CN%3Bsubscribe%2C24.0.0%2CN%3Brest%2C24.700.0%2CN%3Bclouds%2C24.400.0%2CN%3Bsecurity%2C24.0.100%2CN%3Bsender%2C24.300.100%2CN%3Bforum%2C24.300.0%2CN%3Bbitrixcloud%2C24.100.0%2CN%3Breport%2C24.100.0%2CN%3Bhighloadblock%2C24.0.201%2CN%3Bbitrix.eshop%2C24.0.0%2CN%3Bstoreassist%2C24.0.0%2CN%3Biblock%2C24.200.0%2CN%3Bperfmon%2C24.100.0%2CN%3Bsearch%2C24.0.0%2CN%3Bphotogallery%2C25.0.0%2CN&reqm=bitrix.sitecorporate%2Cbitrix.eshop&fullmoduleinfo=Y&SUPD_SRS=RU&SUPD_CMP=N
2025-03-12 15:25:30 -  - exec CUpdateClientPartner::GetHTTPPage
2025-03-12 15:25:30 -  - TIME GetUpdatesList(request) 0.152 sec
2025-03-12 15:25:30 -  - exec CUpdateClientPartner::ParseServerData
2025-03-12 15:25:30 - Ux12 - Ошибка описания модуля "bitrix.xscan"
2025-03-12 15:25:33 - Ux12 - Ошибка описания модуля "bitrix.xscan"
2025-03-12 15:25:33 -  - exec CUpdateClientPartner::GetUpdatesList
2025-03-12 15:25:33 -  - exec CUpdateClientPartner::__CollectRequestData
2025-03-12 15:25:33 - Ux12 - Ошибка описания модуля "bitrix.xscan"
2025-03-12 15:25:33 -  - utf=Y&lang=ru&stable=Y&CANGZIP=Y&SUPD_DBS=MYSQL&XE=N&CLIENT_SITE=tytkolesa.ru&LICENSE_KEY=X&SUPD_STS=1&SUPD_URS=0&TYPENC=E&CLIENT_PHPVER=8.2.27&NGINX=Y&dbv=8.0.25&instm=main%2C25.100.0%2CN%3Bform%2C24.0.0%2CN%3Bcurrency%2C24.0.0%2CN%3Bfileman%2C24.500.0%2CN%3Btranslate%2C24.100.0%2CN%3Bblog%2C24.300.0%2CN%3Bvote%2C24.0.100%2CN%3Bconversion%2C24.0.0%2CN%3Bcatalog%2C24.300.0%2CN%3Blocation%2C25.0.0%2CN%3Bseo%2C24.600.100%2CN%3Bui%2C25.0.0%2CN%3Babtest%2C24.100.0%2CN%3Bmessageservice%2C24.900.0%2CN%3Bb24connector%2C24.0.0%2CN%3Bmobileapp%2C24.100.100%2CN%3Bsale%2C24.300.0%2CN%3Bsocialservices%2C24.100.0%2CN%3Blanding%2C24.700.100%2CN%3Bpull%2C25.0.0%2CN%3Bbitrix.sitecorporate%2C24.0.0%2CN%3Bsubscribe%2C24.0.0%2CN%3Brest%2C24.700.0%2CN%3Bclouds%2C24.400.0%2CN%3Bsecurity%2C24.0.100%2CN%3Bsender%2C24.300.100%2CN%3Bforum%2C24.300.0%2CN%3Bbitrixcloud%2C24.100.0%2CN%3Breport%2C24.100.0%2CN%3Bhighloadblock%2C24.0.201%2CN%3Bbitrix.eshop%2C24.0.0%2CN%3Bstoreassist%2C24.0.0%2CN%3Biblock%2C24.200.0%2CN%3Bperfmon%2C24.100.0%2CN%3Bsearch%2C24.0.0%2CN%3Bphotogallery%2C25.0.0%2CN&reqm=bitrix.sitecorporate%2Cbitrix.eshop&fullmoduleinfo=Y&SUPD_SRS=RU&SUPD_CMP=N
2025-03-12 15:25:33 -  - exec CUpdateClientPartner::GetHTTPPage
2025-03-12 15:25:33 -  - TIME GetUpdatesList(request) 0.243 sec
2025-03-12 15:25:33 -  - exec CUpdateClientPartner::ParseServerData
2025-03-12 15:25:33 - Ux12 - Ошибка описания модуля "bitrix.xscan"
2025-03-12 15:25:34 - Ux12 - Ошибка описания модуля "bitrix.xscan"
2025-03-12 15:25:34 -  - exec CUpdateClientPartner::GetUpdatesList
2025-03-12 15:25:34 -  - exec CUpdateClientPartner::__CollectRequestData
2025-03-12 15:25:34 - Ux12 - Ошибка описания модуля "bitrix.xscan"
2025-03-12 15:25:34 -  - utf=Y&lang=ru&stable=Y&CANGZIP=Y&SUPD_DBS=MYSQL&XE=N&CLIENT_SITE=tytkolesa.ru&LICENSE_KEY=X&SUPD_STS=1&SUPD_URS=0&TYPENC=E&CLIENT_PHPVER=8.2.27&NGINX=Y&dbv=8.0.25&instm=main%2C25.100.0%2CN%3Bform%2C24.0.0%2CN%3Bcurrency%2C24.0.0%2CN%3Bfileman%2C24.500.0%2CN%3Btranslate%2C24.100.0%2CN%3Bblog%2C24.300.0%2CN%3Bvote%2C24.0.100%2CN%3Bconversion%2C24.0.0%2CN%3Bcatalog%2C24.300.0%2CN%3Blocation%2C25.0.0%2CN%3Bseo%2C24.600.100%2CN%3Bui%2C25.0.0%2CN%3Babtest%2C24.100.0%2CN%3Bmessageservice%2C24.900.0%2CN%3Bb24connector%2C24.0.0%2CN%3Bmobileapp%2C24.100.100%2CN%3Bsale%2C24.300.0%2CN%3Bsocialservices%2C24.100.0%2CN%3Blanding%2C24.700.100%2CN%3Bpull%2C25.0.0%2CN%3Bbitrix.sitecorporate%2C24.0.0%2CN%3Bsubscribe%2C24.0.0%2CN%3Brest%2C24.700.0%2CN%3Bclouds%2C24.400.0%2CN%3Bsecurity%2C24.0.100%2CN%3Bsender%2C24.300.100%2CN%3Bforum%2C24.300.0%2CN%3Bbitrixcloud%2C24.100.0%2CN%3Breport%2C24.100.0%2CN%3Bhighloadblock%2C24.0.201%2CN%3Bbitrix.eshop%2C24.0.0%2CN%3Bstoreassist%2C24.0.0%2CN%3Biblock%2C24.200.0%2CN%3Bperfmon%2C24.100.0%2CN%3Bsearch%2C24.0.0%2CN%3Bphotogallery%2C25.0.0%2CN&reqm=bitrix.sitecorporate%2Cbitrix.eshop&fullmoduleinfo=Y&SUPD_SRS=RU&SUPD_CMP=N
2025-03-12 15:25:34 -  - exec CUpdateClientPartner::GetHTTPPage
2025-03-12 15:25:35 -  - TIME GetUpdatesList(request) 0.139 sec
2025-03-12 15:25:35 -  - exec CUpdateClientPartner::ParseServerData
2025-03-12 15:25:35 - Ux12 - Ошибка описания модуля "bitrix.xscan"
2025-03-12 15:28:13 - Ux12 - Ошибка описания модуля "bitrix.xscan"
2025-03-12 15:28:13 -  - exec CUpdateClientPartner::GetUpdatesList
2025-03-12 15:28:13 -  - exec CUpdateClientPartner::__CollectRequestData
2025-03-12 15:28:13 - Ux12 - Ошибка описания модуля "bitrix.xscan"
2025-03-12 15:28:13 -  - utf=Y&lang=ru&stable=Y&CANGZIP=Y&SUPD_DBS=MYSQL&XE=N&CLIENT_SITE=tytkolesa.ru&LICENSE_KEY=X&SUPD_STS=1&SUPD_URS=0&TYPENC=E&CLIENT_PHPVER=8.2.27&NGINX=Y&dbv=8.0.25&instm=main%2C25.100.0%2CN%3Bform%2C24.0.0%2CN%3Bcurrency%2C24.0.0%2CN%3Bfileman%2C24.500.0%2CN%3Btranslate%2C24.100.0%2CN%3Bblog%2C24.300.0%2CN%3Bvote%2C24.0.100%2CN%3Bconversion%2C24.0.0%2CN%3Bcatalog%2C24.300.0%2CN%3Blocation%2C25.0.0%2CN%3Bseo%2C24.600.100%2CN%3Bui%2C25.0.0%2CN%3Babtest%2C24.100.0%2CN%3Bmessageservice%2C24.900.0%2CN%3Bb24connector%2C24.0.0%2CN%3Bmobileapp%2C24.100.100%2CN%3Bsale%2C24.300.0%2CN%3Bsocialservices%2C24.100.0%2CN%3Blanding%2C24.700.100%2CN%3Bpull%2C25.0.0%2CN%3Bbitrix.sitecorporate%2C24.0.0%2CN%3Bsubscribe%2C24.0.0%2CN%3Brest%2C24.700.0%2CN%3Bclouds%2C24.400.0%2CN%3Bsecurity%2C24.0.100%2CN%3Bsender%2C24.300.100%2CN%3Bforum%2C24.300.0%2CN%3Bbitrixcloud%2C24.100.0%2CN%3Breport%2C24.100.0%2CN%3Bhighloadblock%2C24.0.201%2CN%3Bbitrix.eshop%2C24.0.0%2CN%3Bstoreassist%2C24.0.0%2CN%3Biblock%2C24.200.0%2CN%3Bperfmon%2C24.100.0%2CN%3Bsearch%2C24.0.0%2CN%3Bphotogallery%2C25.0.0%2CN&reqm=bitrix.sitecorporate%2Cbitrix.eshop&fullmoduleinfo=Y&SUPD_SRS=RU&SUPD_CMP=N
2025-03-12 15:28:13 -  - exec CUpdateClientPartner::GetHTTPPage
2025-03-12 15:28:13 -  - TIME GetUpdatesList(request) 0.242 sec
2025-03-12 15:28:13 -  - exec CUpdateClientPartner::ParseServerData
2025-03-12 15:28:13 - Ux12 - Ошибка описания модуля "bitrix.xscan"
2025-03-12 15:28:16 - Ux12 - Ошибка описания модуля "bitrix.xscan"
2025-03-12 15:28:16 -  - exec CUpdateClientPartner::GetUpdatesList
2025-03-12 15:28:16 -  - exec CUpdateClientPartner::__CollectRequestData
2025-03-12 15:28:16 - Ux12 - Ошибка описания модуля "bitrix.xscan"
2025-03-12 15:28:16 -  - utf=Y&lang=ru&stable=Y&CANGZIP=Y&SUPD_DBS=MYSQL&XE=N&CLIENT_SITE=tytkolesa.ru&LICENSE_KEY=X&SUPD_STS=1&SUPD_URS=0&TYPENC=E&CLIENT_PHPVER=8.2.27&NGINX=Y&dbv=8.0.25&instm=main%2C25.100.0%2CN%3Bform%2C24.0.0%2CN%3Bcurrency%2C24.0.0%2CN%3Bfileman%2C24.500.0%2CN%3Btranslate%2C24.100.0%2CN%3Bblog%2C24.300.0%2CN%3Bvote%2C24.0.100%2CN%3Bconversion%2C24.0.0%2CN%3Bcatalog%2C24.300.0%2CN%3Blocation%2C25.0.0%2CN%3Bseo%2C24.600.100%2CN%3Bui%2C25.0.0%2CN%3Babtest%2C24.100.0%2CN%3Bmessageservice%2C24.900.0%2CN%3Bb24connector%2C24.0.0%2CN%3Bmobileapp%2C24.100.100%2CN%3Bsale%2C24.300.0%2CN%3Bsocialservices%2C24.100.0%2CN%3Blanding%2C24.700.100%2CN%3Bpull%2C25.0.0%2CN%3Bbitrix.sitecorporate%2C24.0.0%2CN%3Bsubscribe%2C24.0.0%2CN%3Brest%2C24.700.0%2CN%3Bclouds%2C24.400.0%2CN%3Bsecurity%2C24.0.100%2CN%3Bsender%2C24.300.100%2CN%3Bforum%2C24.300.0%2CN%3Bbitrixcloud%2C24.100.0%2CN%3Breport%2C24.100.0%2CN%3Bhighloadblock%2C24.0.201%2CN%3Bbitrix.eshop%2C24.0.0%2CN%3Bstoreassist%2C24.0.0%2CN%3Biblock%2C24.200.0%2CN%3Bperfmon%2C24.100.0%2CN%3Bsearch%2C24.0.0%2CN%3Bphotogallery%2C25.0.0%2CN&reqm=bitrix.sitecorporate%2Cbitrix.eshop&fullmoduleinfo=Y&SUPD_SRS=RU&SUPD_CMP=N
2025-03-12 15:28:16 -  - exec CUpdateClientPartner::GetHTTPPage
2025-03-12 15:28:16 -  - TIME GetUpdatesList(request) 0.149 sec
2025-03-12 15:28:16 -  - exec CUpdateClientPartner::ParseServerData
2025-03-12 15:28:16 - Ux12 - Ошибка описания модуля "bitrix.xscan"
2025-03-12 15:28:28 - Ux12 - Ошибка описания модуля "bitrix.xscan"
2025-03-12 15:28:28 -  - exec CUpdateClientPartner::GetUpdatesList
2025-03-12 15:28:28 -  - exec CUpdateClientPartner::__CollectRequestData
2025-03-12 15:28:28 - Ux12 - Ошибка описания модуля "bitrix.xscan"
2025-03-12 15:28:28 -  - utf=Y&lang=ru&stable=Y&CANGZIP=Y&SUPD_DBS=MYSQL&XE=N&CLIENT_SITE=tytkolesa.ru&LICENSE_KEY=X&SUPD_STS=1&SUPD_URS=0&TYPENC=E&CLIENT_PHPVER=8.2.27&NGINX=Y&dbv=8.0.25&instm=main%2C25.100.0%2CN%3Bform%2C24.0.0%2CN%3Bcurrency%2C24.0.0%2CN%3Bfileman%2C24.500.0%2CN%3Btranslate%2C24.100.0%2CN%3Bblog%2C24.300.0%2CN%3Bvote%2C24.0.100%2CN%3Bconversion%2C24.0.0%2CN%3Bcatalog%2C24.300.0%2CN%3Blocation%2C25.0.0%2CN%3Bseo%2C24.600.100%2CN%3Bui%2C25.0.0%2CN%3Babtest%2C24.100.0%2CN%3Bmessageservice%2C24.900.0%2CN%3Bb24connector%2C24.0.0%2CN%3Bmobileapp%2C24.100.100%2CN%3Bsale%2C24.300.0%2CN%3Bsocialservices%2C24.100.0%2CN%3Blanding%2C24.700.100%2CN%3Bpull%2C25.0.0%2CN%3Bbitrix.sitecorporate%2C24.0.0%2CN%3Bsubscribe%2C24.0.0%2CN%3Brest%2C24.700.0%2CN%3Bclouds%2C24.400.0%2CN%3Bsecurity%2C24.0.100%2CN%3Bsender%2C24.300.100%2CN%3Bforum%2C24.300.0%2CN%3Bbitrixcloud%2C24.100.0%2CN%3Breport%2C24.100.0%2CN%3Bhighloadblock%2C24.0.201%2CN%3Bbitrix.eshop%2C24.0.0%2CN%3Bstoreassist%2C24.0.0%2CN%3Biblock%2C24.200.0%2CN%3Bperfmon%2C24.100.0%2CN%3Bsearch%2C24.0.0%2CN%3Bphotogallery%2C25.0.0%2CN&reqm=bitrix.sitecorporate%2Cbitrix.eshop&SUPD_SRS=RU&SUPD_CMP=N
2025-03-12 15:28:28 -  - exec CUpdateClientPartner::GetHTTPPage
2025-03-12 15:28:28 -  - TIME GetUpdatesList(request) 0.231 sec
2025-03-12 15:28:28 -  - exec CUpdateClientPartner::ParseServerData
2025-03-12 15:28:28 - Ux12 - Ошибка описания модуля "bitrix.xscan"
2025-03-12 15:28:30 - Ux12 - Ошибка описания модуля "bitrix.xscan"
2025-03-12 15:28:30 -  - exec CUpdateClientPartner::GetUpdatesList
2025-03-12 15:28:30 -  - exec CUpdateClientPartner::__CollectRequestData
2025-03-12 15:28:30 - Ux12 - Ошибка описания модуля "bitrix.xscan"
2025-03-12 15:28:30 -  - utf=Y&lang=ru&stable=Y&CANGZIP=Y&SUPD_DBS=MYSQL&XE=N&CLIENT_SITE=tytkolesa.ru&LICENSE_KEY=X&SUPD_STS=1&SUPD_URS=0&TYPENC=E&CLIENT_PHPVER=8.2.27&NGINX=Y&dbv=8.0.25&instm=main%2C25.100.0%2CN%3Bform%2C24.0.0%2CN%3Bcurrency%2C24.0.0%2CN%3Bfileman%2C24.500.0%2CN%3Btranslate%2C24.100.0%2CN%3Bblog%2C24.300.0%2CN%3Bvote%2C24.0.100%2CN%3Bconversion%2C24.0.0%2CN%3Bcatalog%2C24.300.0%2CN%3Blocation%2C25.0.0%2CN%3Bseo%2C24.600.100%2CN%3Bui%2C25.0.0%2CN%3Babtest%2C24.100.0%2CN%3Bmessageservice%2C24.900.0%2CN%3Bb24connector%2C24.0.0%2CN%3Bmobileapp%2C24.100.100%2CN%3Bsale%2C24.300.0%2CN%3Bsocialservices%2C24.100.0%2CN%3Blanding%2C24.700.100%2CN%3Bpull%2C25.0.0%2CN%3Bbitrix.sitecorporate%2C24.0.0%2CN%3Bsubscribe%2C24.0.0%2CN%3Brest%2C24.700.0%2CN%3Bclouds%2C24.400.0%2CN%3Bsecurity%2C24.0.100%2CN%3Bsender%2C24.300.100%2CN%3Bforum%2C24.300.0%2CN%3Bbitrixcloud%2C24.100.0%2CN%3Breport%2C24.100.0%2CN%3Bhighloadblock%2C24.0.201%2CN%3Bbitrix.eshop%2C24.0.0%2CN%3Bstoreassist%2C24.0.0%2CN%3Biblock%2C24.200.0%2CN%3Bperfmon%2C24.100.0%2CN%3Bsearch%2C24.0.0%2CN%3Bphotogallery%2C25.0.0%2CN&reqm=bitrix.sitecorporate%2Cbitrix.eshop&fullmoduleinfo=Y&SUPD_SRS=RU&SUPD_CMP=N
2025-03-12 15:28:30 -  - exec CUpdateClientPartner::GetHTTPPage
2025-03-12 15:28:30 -  - TIME GetUpdatesList(request) 0.186 sec
2025-03-12 15:28:30 -  - exec CUpdateClientPartner::ParseServerData
2025-03-12 15:28:30 - Ux12 - Ошибка описания модуля "bitrix.xscan"
2025-03-12 15:31:07 -  - exec CUpdateClientPartner::GetUpdatesList
2025-03-12 15:31:07 -  - exec CUpdateClientPartner::__CollectRequestData
2025-03-12 15:31:07 -  - utf=Y&lang=ru&stable=Y&CANGZIP=Y&SUPD_DBS=MYSQL&XE=N&CLIENT_SITE=tytkolesa.ru&LICENSE_KEY=X&SUPD_STS=1&SUPD_URS=0&TYPENC=E&CLIENT_PHPVER=8.2.27&NGINX=Y&dbv=8.0.25&instm=main%2C25.100.0%2CN%3Bform%2C24.0.0%2CN%3Bcurrency%2C24.0.0%2CN%3Bfileman%2C24.500.0%2CN%3Btranslate%2C24.100.0%2CN%3Bblog%2C24.300.0%2CN%3Bvote%2C24.0.100%2CN%3Bconversion%2C24.0.0%2CN%3Bcatalog%2C24.300.0%2CN%3Blocation%2C25.0.0%2CN%3Bseo%2C24.600.100%2CN%3Bui%2C25.0.0%2CN%3Babtest%2C24.100.0%2CN%3Bmessageservice%2C24.900.0%2CN%3Bb24connector%2C24.0.0%2CN%3Bmobileapp%2C24.100.100%2CN%3Bsale%2C24.300.0%2CN%3Bsocialservices%2C24.100.0%2CN%3Blanding%2C24.700.100%2CN%3Bpull%2C25.0.0%2CN%3Bbitrix.sitecorporate%2C24.0.0%2CN%3Bsubscribe%2C24.0.0%2CN%3Brest%2C24.700.0%2CN%3Bclouds%2C24.400.0%2CN%3Bsecurity%2C24.0.100%2CN%3Bsender%2C24.300.100%2CN%3Bforum%2C24.300.0%2CN%3Bbitrixcloud%2C24.100.0%2CN%3Breport%2C24.100.0%2CN%3Bhighloadblock%2C24.0.201%2CN%3Bbitrix.eshop%2C24.0.0%2CN%3Bstoreassist%2C24.0.0%2CN%3Biblock%2C24.200.0%2CN%3Bperfmon%2C24.100.0%2CN%3Bsearch%2C24.0.0%2CN%3Bphotogallery%2C25.0.0%2CN&reqm=bitrix.sitecorporate%2Cbitrix.eshop&fullmoduleinfo=Y&SUPD_SRS=RU&SUPD_CMP=N
2025-03-12 15:31:07 -  - exec CUpdateClientPartner::GetHTTPPage
2025-03-12 15:31:07 -  - TIME GetUpdatesList(request) 0.188 sec
2025-03-12 15:31:07 -  - exec CUpdateClientPartner::ParseServerData
2025-03-12 15:31:13 -  - exec CUpdateClientPartner::GetUpdatesList
2025-03-12 15:31:13 -  - exec CUpdateClientPartner::__CollectRequestData
2025-03-12 15:31:13 -  - utf=Y&lang=ru&stable=Y&CANGZIP=Y&SUPD_DBS=MYSQL&XE=N&CLIENT_SITE=tytkolesa.ru&LICENSE_KEY=X&SUPD_STS=1&SUPD_URS=0&TYPENC=E&CLIENT_PHPVER=8.2.27&NGINX=Y&dbv=8.0.25&instm=main%2C25.100.0%2CN%3Bform%2C24.0.0%2CN%3Bcurrency%2C24.0.0%2CN%3Bfileman%2C24.500.0%2CN%3Btranslate%2C24.100.0%2CN%3Bblog%2C24.300.0%2CN%3Bvote%2C24.0.100%2CN%3Bconversion%2C24.0.0%2CN%3Bcatalog%2C24.300.0%2CN%3Blocation%2C25.0.0%2CN%3Bseo%2C24.600.100%2CN%3Bui%2C25.0.0%2CN%3Babtest%2C24.100.0%2CN%3Bmessageservice%2C24.900.0%2CN%3Bb24connector%2C24.0.0%2CN%3Bmobileapp%2C24.100.100%2CN%3Bsale%2C24.300.0%2CN%3Bsocialservices%2C24.100.0%2CN%3Blanding%2C24.700.100%2CN%3Bpull%2C25.0.0%2CN%3Bbitrix.sitecorporate%2C24.0.0%2CN%3Bsubscribe%2C24.0.0%2CN%3Brest%2C24.700.0%2CN%3Bclouds%2C24.400.0%2CN%3Bsecurity%2C24.0.100%2CN%3Bsender%2C24.300.100%2CN%3Bforum%2C24.300.0%2CN%3Bbitrixcloud%2C24.100.0%2CN%3Breport%2C24.100.0%2CN%3Bhighloadblock%2C24.0.201%2CN%3Bbitrix.eshop%2C24.0.0%2CN%3Bstoreassist%2C24.0.0%2CN%3Biblock%2C24.200.0%2CN%3Bperfmon%2C24.100.0%2CN%3Bsearch%2C24.0.0%2CN%3Bphotogallery%2C25.0.0%2CN&reqm=bitrix.sitecorporate%2Cbitrix.eshop&fullmoduleinfo=Y&SUPD_SRS=RU&SUPD_CMP=N
2025-03-12 15:31:13 -  - exec CUpdateClientPartner::GetHTTPPage
2025-03-12 15:31:14 -  - TIME GetUpdatesList(request) 0.139 sec
2025-03-12 15:31:14 -  - exec CUpdateClientPartner::ParseServerData
2025-03-12 15:31:31 -  - exec CUpdateClientPartner::GetUpdatesList
2025-03-12 15:31:31 -  - exec CUpdateClientPartner::__CollectRequestData
2025-03-12 15:31:31 -  - utf=Y&lang=ru&stable=Y&CANGZIP=Y&SUPD_DBS=MYSQL&XE=N&CLIENT_SITE=tytkolesa.ru&LICENSE_KEY=X&SUPD_STS=1&SUPD_URS=0&TYPENC=E&CLIENT_PHPVER=8.2.27&NGINX=Y&dbv=8.0.25&instm=main%2C25.100.0%2CN%3Bform%2C24.0.0%2CN%3Bcurrency%2C24.0.0%2CN%3Bfileman%2C24.500.0%2CN%3Btranslate%2C24.100.0%2CN%3Bblog%2C24.300.0%2CN%3Bvote%2C24.0.100%2CN%3Bconversion%2C24.0.0%2CN%3Bcatalog%2C24.300.0%2CN%3Blocation%2C25.0.0%2CN%3Bseo%2C24.600.100%2CN%3Bui%2C25.0.0%2CN%3Babtest%2C24.100.0%2CN%3Bmessageservice%2C24.900.0%2CN%3Bb24connector%2C24.0.0%2CN%3Bmobileapp%2C24.100.100%2CN%3Bsale%2C24.300.0%2CN%3Bsocialservices%2C24.100.0%2CN%3Blanding%2C24.700.100%2CN%3Bpull%2C25.0.0%2CN%3Bbitrix.sitecorporate%2C24.0.0%2CN%3Bsubscribe%2C24.0.0%2CN%3Brest%2C24.700.0%2CN%3Bclouds%2C24.400.0%2CN%3Bsecurity%2C24.0.100%2CN%3Bsender%2C24.300.100%2CN%3Bforum%2C24.300.0%2CN%3Bbitrixcloud%2C24.100.0%2CN%3Breport%2C24.100.0%2CN%3Bhighloadblock%2C24.0.201%2CN%3Bbitrix.eshop%2C24.0.0%2CN%3Bstoreassist%2C24.0.0%2CN%3Biblock%2C24.200.0%2CN%3Bperfmon%2C24.100.0%2CN%3Bsearch%2C24.0.0%2CN%3Bphotogallery%2C25.0.0%2CN&reqm=bitrix.sitecorporate%2Cbitrix.eshop&fullmoduleinfo=Y&SUPD_SRS=RU&SUPD_CMP=N
2025-03-12 15:31:31 -  - exec CUpdateClientPartner::GetHTTPPage
2025-03-12 15:31:31 -  - TIME GetUpdatesList(request) 0.242 sec
2025-03-12 15:31:31 -  - exec CUpdateClientPartner::ParseServerData
2025-03-12 15:31:32 -  - exec CUpdateClientPartner::GetUpdatesList
2025-03-12 15:31:32 -  - exec CUpdateClientPartner::__CollectRequestData
2025-03-12 15:31:32 -  - utf=Y&lang=ru&stable=Y&CANGZIP=Y&SUPD_DBS=MYSQL&XE=N&CLIENT_SITE=tytkolesa.ru&LICENSE_KEY=X&SUPD_STS=1&SUPD_URS=0&TYPENC=E&CLIENT_PHPVER=8.2.27&NGINX=Y&dbv=8.0.25&instm=main%2C25.100.0%2CN%3Bform%2C24.0.0%2CN%3Bcurrency%2C24.0.0%2CN%3Bfileman%2C24.500.0%2CN%3Btranslate%2C24.100.0%2CN%3Bblog%2C24.300.0%2CN%3Bvote%2C24.0.100%2CN%3Bconversion%2C24.0.0%2CN%3Bcatalog%2C24.300.0%2CN%3Blocation%2C25.0.0%2CN%3Bseo%2C24.600.100%2CN%3Bui%2C25.0.0%2CN%3Babtest%2C24.100.0%2CN%3Bmessageservice%2C24.900.0%2CN%3Bb24connector%2C24.0.0%2CN%3Bmobileapp%2C24.100.100%2CN%3Bsale%2C24.300.0%2CN%3Bsocialservices%2C24.100.0%2CN%3Blanding%2C24.700.100%2CN%3Bpull%2C25.0.0%2CN%3Bbitrix.sitecorporate%2C24.0.0%2CN%3Bsubscribe%2C24.0.0%2CN%3Brest%2C24.700.0%2CN%3Bclouds%2C24.400.0%2CN%3Bsecurity%2C24.0.100%2CN%3Bsender%2C24.300.100%2CN%3Bforum%2C24.300.0%2CN%3Bbitrixcloud%2C24.100.0%2CN%3Breport%2C24.100.0%2CN%3Bhighloadblock%2C24.0.201%2CN%3Bbitrix.eshop%2C24.0.0%2CN%3Bstoreassist%2C24.0.0%2CN%3Biblock%2C24.200.0%2CN%3Bperfmon%2C24.100.0%2CN%3Bsearch%2C24.0.0%2CN%3Bphotogallery%2C25.0.0%2CN&reqm=bitrix.sitecorporate%2Cbitrix.eshop&fullmoduleinfo=Y&SUPD_SRS=RU&SUPD_CMP=N
2025-03-12 15:31:32 -  - exec CUpdateClientPartner::GetHTTPPage
2025-03-12 15:31:33 -  - TIME GetUpdatesList(request) 0.207 sec
2025-03-12 15:31:33 -  - exec CUpdateClientPartner::ParseServerData
2025-03-12 15:32:08 -  - exec CUpdateClientPartner::GetUpdatesList
2025-03-12 15:32:08 -  - exec CUpdateClientPartner::__CollectRequestData
2025-03-12 15:32:08 -  - utf=Y&lang=ru&stable=Y&CANGZIP=Y&SUPD_DBS=MYSQL&XE=N&CLIENT_SITE=tytkolesa.ru&LICENSE_KEY=X&SUPD_STS=1&SUPD_URS=0&TYPENC=E&CLIENT_PHPVER=8.2.27&NGINX=Y&dbv=8.0.25&instm=main%2C25.100.0%2CN%3Bform%2C24.0.0%2CN%3Bcurrency%2C24.0.0%2CN%3Bfileman%2C24.500.0%2CN%3Btranslate%2C24.100.0%2CN%3Bblog%2C24.300.0%2CN%3Bvote%2C24.0.100%2CN%3Bconversion%2C24.0.0%2CN%3Bcatalog%2C24.300.0%2CN%3Blocation%2C25.0.0%2CN%3Bseo%2C24.600.100%2CN%3Bui%2C25.0.0%2CN%3Babtest%2C24.100.0%2CN%3Bmessageservice%2C24.900.0%2CN%3Bb24connector%2C24.0.0%2CN%3Bmobileapp%2C24.100.100%2CN%3Bsale%2C24.300.0%2CN%3Bsocialservices%2C24.100.0%2CN%3Blanding%2C24.700.100%2CN%3Bpull%2C25.0.0%2CN%3Bbitrix.sitecorporate%2C24.0.0%2CN%3Bsubscribe%2C24.0.0%2CN%3Brest%2C24.700.0%2CN%3Bclouds%2C24.400.0%2CN%3Bsecurity%2C24.0.100%2CN%3Bsender%2C24.300.100%2CN%3Bforum%2C24.300.0%2CN%3Bbitrixcloud%2C24.100.0%2CN%3Breport%2C24.100.0%2CN%3Bhighloadblock%2C24.0.201%2CN%3Bbitrix.eshop%2C24.0.0%2CN%3Bstoreassist%2C24.0.0%2CN%3Biblock%2C24.200.0%2CN%3Bperfmon%2C24.100.0%2CN%3Bsearch%2C24.0.0%2CN%3Bphotogallery%2C25.0.0%2CN&reqm=bitrix.sitecorporate%2Cbitrix.eshop&fullmoduleinfo=Y&SUPD_SRS=RU&SUPD_CMP=N
2025-03-12 15:32:08 -  - exec CUpdateClientPartner::GetHTTPPage
2025-03-12 15:32:08 -  - TIME GetUpdatesList(request) 0.149 sec
2025-03-12 15:32:08 -  - exec CUpdateClientPartner::ParseServerData
2025-03-12 15:32:12 -  - exec CUpdateClientPartner::GetUpdatesList
2025-03-12 15:32:12 -  - exec CUpdateClientPartner::__CollectRequestData
2025-03-12 15:32:12 -  - utf=Y&lang=ru&stable=Y&CANGZIP=Y&SUPD_DBS=MYSQL&XE=N&CLIENT_SITE=tytkolesa.ru&LICENSE_KEY=X&SUPD_STS=1&SUPD_URS=0&TYPENC=E&CLIENT_PHPVER=8.2.27&NGINX=Y&dbv=8.0.25&instm=main%2C25.100.0%2CN%3Bform%2C24.0.0%2CN%3Bcurrency%2C24.0.0%2CN%3Bfileman%2C24.500.0%2CN%3Btranslate%2C24.100.0%2CN%3Bblog%2C24.300.0%2CN%3Bvote%2C24.0.100%2CN%3Bconversion%2C24.0.0%2CN%3Bcatalog%2C24.300.0%2CN%3Blocation%2C25.0.0%2CN%3Bseo%2C24.600.100%2CN%3Bui%2C25.0.0%2CN%3Babtest%2C24.100.0%2CN%3Bmessageservice%2C24.900.0%2CN%3Bb24connector%2C24.0.0%2CN%3Bmobileapp%2C24.100.100%2CN%3Bsale%2C24.300.0%2CN%3Bsocialservices%2C24.100.0%2CN%3Blanding%2C24.700.100%2CN%3Bpull%2C25.0.0%2CN%3Bbitrix.sitecorporate%2C24.0.0%2CN%3Bsubscribe%2C24.0.0%2CN%3Brest%2C24.700.0%2CN%3Bclouds%2C24.400.0%2CN%3Bsecurity%2C24.0.100%2CN%3Bsender%2C24.300.100%2CN%3Bforum%2C24.300.0%2CN%3Bbitrixcloud%2C24.100.0%2CN%3Breport%2C24.100.0%2CN%3Bhighloadblock%2C24.0.201%2CN%3Bbitrix.eshop%2C24.0.0%2CN%3Bstoreassist%2C24.0.0%2CN%3Biblock%2C24.200.0%2CN%3Bperfmon%2C24.100.0%2CN%3Bsearch%2C24.0.0%2CN%3Bphotogallery%2C25.0.0%2CN&reqm=bitrix.sitecorporate%2Cbitrix.eshop&SUPD_SRS=RU&SUPD_CMP=N
2025-03-12 15:32:12 -  - exec CUpdateClientPartner::GetHTTPPage
2025-03-12 15:32:13 -  - TIME GetUpdatesList(request) 0.173 sec
2025-03-12 15:32:13 -  - exec CUpdateClientPartner::ParseServerData
2025-03-12 15:32:29 -  - exec CUpdateClientPartner::GetUpdatesList
2025-03-12 15:32:29 -  - exec CUpdateClientPartner::__CollectRequestData
2025-03-12 15:32:29 -  - utf=Y&lang=ru&stable=Y&CANGZIP=Y&SUPD_DBS=MYSQL&XE=N&CLIENT_SITE=tytkolesa.ru&LICENSE_KEY=X&SUPD_STS=1&SUPD_URS=0&TYPENC=E&CLIENT_PHPVER=8.2.27&NGINX=Y&dbv=8.0.25&instm=main%2C25.100.0%2CN%3Bform%2C24.0.0%2CN%3Bcurrency%2C24.0.0%2CN%3Bfileman%2C24.500.0%2CN%3Btranslate%2C24.100.0%2CN%3Bblog%2C24.300.0%2CN%3Bvote%2C24.0.100%2CN%3Bconversion%2C24.0.0%2CN%3Bcatalog%2C24.300.0%2CN%3Blocation%2C25.0.0%2CN%3Bseo%2C24.600.100%2CN%3Bui%2C25.0.0%2CN%3Babtest%2C24.100.0%2CN%3Bmessageservice%2C24.900.0%2CN%3Bb24connector%2C24.0.0%2CN%3Bmobileapp%2C24.100.100%2CN%3Bsale%2C24.300.0%2CN%3Bsocialservices%2C24.100.0%2CN%3Blanding%2C24.700.100%2CN%3Bpull%2C25.0.0%2CN%3Bbitrix.sitecorporate%2C24.0.0%2CN%3Bsubscribe%2C24.0.0%2CN%3Brest%2C24.700.0%2CN%3Bclouds%2C24.400.0%2CN%3Bsecurity%2C24.0.100%2CN%3Bsender%2C24.300.100%2CN%3Bforum%2C24.300.0%2CN%3Bbitrixcloud%2C24.100.0%2CN%3Breport%2C24.100.0%2CN%3Bhighloadblock%2C24.0.201%2CN%3Bbitrix.eshop%2C24.0.0%2CN%3Bstoreassist%2C24.0.0%2CN%3Biblock%2C24.200.0%2CN%3Bperfmon%2C24.100.0%2CN%3Bsearch%2C24.0.0%2CN%3Bphotogallery%2C25.0.0%2CN&reqm=bitrix.sitecorporate%2Cbitrix.eshop&SUPD_SRS=RU&SUPD_CMP=N
2025-03-12 15:32:29 -  - exec CUpdateClientPartner::GetHTTPPage
2025-03-12 15:32:29 -  - TIME GetUpdatesList(request) 0.151 sec
2025-03-12 15:32:29 -  - exec CUpdateClientPartner::ParseServerData
2025-03-12 15:32:39 -  - exec CUpdateClientPartner::GetUpdatesList
2025-03-12 15:32:39 -  - exec CUpdateClientPartner::__CollectRequestData
2025-03-12 15:32:39 -  - utf=Y&lang=ru&stable=Y&CANGZIP=Y&SUPD_DBS=MYSQL&XE=N&CLIENT_SITE=tytkolesa.ru&LICENSE_KEY=X&SUPD_STS=1&SUPD_URS=0&TYPENC=E&CLIENT_PHPVER=8.2.27&NGINX=Y&dbv=8.0.25&instm=main%2C25.100.0%2CN%3Bform%2C24.0.0%2CN%3Bcurrency%2C24.0.0%2CN%3Bfileman%2C24.500.0%2CN%3Btranslate%2C24.100.0%2CN%3Bblog%2C24.300.0%2CN%3Bvote%2C24.0.100%2CN%3Bconversion%2C24.0.0%2CN%3Bcatalog%2C24.300.0%2CN%3Blocation%2C25.0.0%2CN%3Bseo%2C24.600.100%2CN%3Bui%2C25.0.0%2CN%3Babtest%2C24.100.0%2CN%3Bmessageservice%2C24.900.0%2CN%3Bb24connector%2C24.0.0%2CN%3Bmobileapp%2C24.100.100%2CN%3Bsale%2C24.300.0%2CN%3Bsocialservices%2C24.100.0%2CN%3Blanding%2C24.700.100%2CN%3Bpull%2C25.0.0%2CN%3Bbitrix.sitecorporate%2C24.0.0%2CN%3Bsubscribe%2C24.0.0%2CN%3Brest%2C24.700.0%2CN%3Bclouds%2C24.400.0%2CN%3Bsecurity%2C24.0.100%2CN%3Bsender%2C24.300.100%2CN%3Bforum%2C24.300.0%2CN%3Bbitrixcloud%2C24.100.0%2CN%3Breport%2C24.100.0%2CN%3Bhighloadblock%2C24.0.201%2CN%3Bbitrix.eshop%2C24.0.0%2CN%3Bstoreassist%2C24.0.0%2CN%3Biblock%2C24.200.0%2CN%3Bperfmon%2C24.100.0%2CN%3Bsearch%2C24.0.0%2CN%3Bphotogallery%2C25.0.0%2CN&reqm=bitrix.sitecorporate%2Cbitrix.eshop&fullmoduleinfo=Y&SUPD_SRS=RU&SUPD_CMP=N
2025-03-12 15:32:39 -  - exec CUpdateClientPartner::GetHTTPPage
2025-03-12 15:32:39 -  - TIME GetUpdatesList(request) 0.142 sec
2025-03-12 15:32:39 -  - exec CUpdateClientPartner::ParseServerData
2025-03-12 15:35:15 -  - exec CUpdateClientPartner::GetUpdatesList
2025-03-12 15:35:15 -  - exec CUpdateClientPartner::__CollectRequestData
2025-03-12 15:35:15 -  - utf=Y&lang=ru&stable=Y&CANGZIP=Y&SUPD_DBS=MYSQL&XE=N&CLIENT_SITE=tytkolesa.ru&LICENSE_KEY=X&SUPD_STS=1&SUPD_URS=0&TYPENC=E&CLIENT_PHPVER=8.2.27&NGINX=Y&dbv=8.0.25&instm=main%2C25.100.0%2CN%3Bform%2C24.0.0%2CN%3Bcurrency%2C24.0.0%2CN%3Bfileman%2C24.500.0%2CN%3Btranslate%2C24.100.0%2CN%3Bblog%2C24.300.0%2CN%3Bvote%2C24.0.100%2CN%3Bconversion%2C24.0.0%2CN%3Bcatalog%2C24.300.0%2CN%3Blocation%2C25.0.0%2CN%3Bseo%2C24.600.100%2CN%3Bui%2C25.0.0%2CN%3Babtest%2C24.100.0%2CN%3Bmessageservice%2C24.900.0%2CN%3Bb24connector%2C24.0.0%2CN%3Bmobileapp%2C24.100.100%2CN%3Bsale%2C24.300.0%2CN%3Bsocialservices%2C24.100.0%2CN%3Blanding%2C24.700.100%2CN%3Bpull%2C25.0.0%2CN%3Bbitrix.sitecorporate%2C24.0.0%2CN%3Bsubscribe%2C24.0.0%2CN%3Brest%2C24.700.0%2CN%3Bclouds%2C24.400.0%2CN%3Bsecurity%2C24.0.100%2CN%3Bsender%2C24.300.100%2CN%3Bforum%2C24.300.0%2CN%3Bbitrixcloud%2C24.100.0%2CN%3Breport%2C24.100.0%2CN%3Bhighloadblock%2C24.0.201%2CN%3Bbitrix.eshop%2C24.0.0%2CN%3Bstoreassist%2C24.0.0%2CN%3Biblock%2C24.200.0%2CN%3Bperfmon%2C24.100.0%2CN%3Bsearch%2C24.0.0%2CN%3Bphotogallery%2C25.0.0%2CN&reqm=bitrix.sitecorporate%2Cbitrix.eshop&fullmoduleinfo=Y&SUPD_SRS=RU&SUPD_CMP=N
2025-03-12 15:35:15 -  - exec CUpdateClientPartner::GetHTTPPage
2025-03-12 15:35:15 -  - TIME GetUpdatesList(request) 0.14 sec
2025-03-12 15:35:15 -  - exec CUpdateClientPartner::ParseServerData
2025-03-12 15:35:19 -  - exec CUpdateClientPartner::GetUpdatesList
2025-03-12 15:35:19 -  - exec CUpdateClientPartner::__CollectRequestData
2025-03-12 15:35:19 -  - utf=Y&lang=ru&stable=Y&CANGZIP=Y&SUPD_DBS=MYSQL&XE=N&CLIENT_SITE=tytkolesa.ru&LICENSE_KEY=X&SUPD_STS=1&SUPD_URS=0&TYPENC=E&CLIENT_PHPVER=8.2.27&NGINX=Y&dbv=8.0.25&instm=main%2C25.100.0%2CN%3Bform%2C24.0.0%2CN%3Bcurrency%2C24.0.0%2CN%3Bfileman%2C24.500.0%2CN%3Btranslate%2C24.100.0%2CN%3Bblog%2C24.300.0%2CN%3Bvote%2C24.0.100%2CN%3Bconversion%2C24.0.0%2CN%3Bcatalog%2C24.300.0%2CN%3Blocation%2C25.0.0%2CN%3Bseo%2C24.600.100%2CN%3Bui%2C25.0.0%2CN%3Babtest%2C24.100.0%2CN%3Bmessageservice%2C24.900.0%2CN%3Bb24connector%2C24.0.0%2CN%3Bmobileapp%2C24.100.100%2CN%3Bsale%2C24.300.0%2CN%3Bsocialservices%2C24.100.0%2CN%3Blanding%2C24.700.100%2CN%3Bpull%2C25.0.0%2CN%3Bbitrix.sitecorporate%2C24.0.0%2CN%3Bsubscribe%2C24.0.0%2CN%3Brest%2C24.700.0%2CN%3Bclouds%2C24.400.0%2CN%3Bsecurity%2C24.0.100%2CN%3Bsender%2C24.300.100%2CN%3Bforum%2C24.300.0%2CN%3Bbitrixcloud%2C24.100.0%2CN%3Breport%2C24.100.0%2CN%3Bhighloadblock%2C24.0.201%2CN%3Bbitrix.eshop%2C24.0.0%2CN%3Bstoreassist%2C24.0.0%2CN%3Biblock%2C24.200.0%2CN%3Bperfmon%2C24.100.0%2CN%3Bsearch%2C24.0.0%2CN%3Bphotogallery%2C25.0.0%2CN&reqm=bitrix.sitecorporate%2Cbitrix.eshop&SUPD_SRS=RU&SUPD_CMP=N
2025-03-12 15:35:19 -  - exec CUpdateClientPartner::GetHTTPPage
2025-03-12 15:35:19 -  - TIME GetUpdatesList(request) 0.169 sec
2025-03-12 15:35:19 -  - exec CUpdateClientPartner::ParseServerData
2025-03-12 15:35:24 -  - exec CUpdateClientPartner::GetUpdatesList
2025-03-12 15:35:24 -  - exec CUpdateClientPartner::__CollectRequestData
2025-03-12 15:35:24 -  - utf=Y&lang=ru&stable=Y&CANGZIP=Y&SUPD_DBS=MYSQL&XE=N&CLIENT_SITE=tytkolesa.ru&LICENSE_KEY=X&SUPD_STS=1&SUPD_URS=0&TYPENC=E&CLIENT_PHPVER=8.2.27&NGINX=Y&dbv=8.0.25&instm=main%2C25.100.0%2CN%3Bform%2C24.0.0%2CN%3Bcurrency%2C24.0.0%2CN%3Bfileman%2C24.500.0%2CN%3Btranslate%2C24.100.0%2CN%3Bblog%2C24.300.0%2CN%3Bvote%2C24.0.100%2CN%3Bconversion%2C24.0.0%2CN%3Bcatalog%2C24.300.0%2CN%3Blocation%2C25.0.0%2CN%3Bseo%2C24.600.100%2CN%3Bui%2C25.0.0%2CN%3Babtest%2C24.100.0%2CN%3Bmessageservice%2C24.900.0%2CN%3Bb24connector%2C24.0.0%2CN%3Bmobileapp%2C24.100.100%2CN%3Bsale%2C24.300.0%2CN%3Bsocialservices%2C24.100.0%2CN%3Blanding%2C24.700.100%2CN%3Bpull%2C25.0.0%2CN%3Bbitrix.sitecorporate%2C24.0.0%2CN%3Bsubscribe%2C24.0.0%2CN%3Brest%2C24.700.0%2CN%3Bclouds%2C24.400.0%2CN%3Bsecurity%2C24.0.100%2CN%3Bsender%2C24.300.100%2CN%3Bforum%2C24.300.0%2CN%3Bbitrixcloud%2C24.100.0%2CN%3Breport%2C24.100.0%2CN%3Bhighloadblock%2C24.0.201%2CN%3Bbitrix.eshop%2C24.0.0%2CN%3Bstoreassist%2C24.0.0%2CN%3Biblock%2C24.200.0%2CN%3Bperfmon%2C24.100.0%2CN%3Bsearch%2C24.0.0%2CN%3Bphotogallery%2C25.0.0%2CN&reqm=bitrix.sitecorporate%2Cbitrix.eshop&SUPD_SRS=RU&SUPD_CMP=N
2025-03-12 15:35:24 -  - exec CUpdateClientPartner::GetHTTPPage
2025-03-12 15:35:24 -  - TIME GetUpdatesList(request) 0.163 sec
2025-03-12 15:35:24 -  - exec CUpdateClientPartner::ParseServerData
2025-03-12 15:36:04 -  - exec CUpdateClientPartner::GetUpdatesList
2025-03-12 15:36:04 -  - exec CUpdateClientPartner::__CollectRequestData
2025-03-12 15:36:04 -  - utf=Y&lang=ru&stable=Y&CANGZIP=Y&SUPD_DBS=MYSQL&XE=N&CLIENT_SITE=tytkolesa.ru&LICENSE_KEY=X&SUPD_STS=1&SUPD_URS=0&TYPENC=E&CLIENT_PHPVER=8.2.27&NGINX=Y&dbv=8.0.25&instm=main%2C25.100.0%2CN%3Bform%2C24.0.0%2CN%3Bcurrency%2C24.0.0%2CN%3Bfileman%2C24.500.0%2CN%3Btranslate%2C24.100.0%2CN%3Bblog%2C24.300.0%2CN%3Bvote%2C24.0.100%2CN%3Bconversion%2C24.0.0%2CN%3Bcatalog%2C24.300.0%2CN%3Blocation%2C25.0.0%2CN%3Bseo%2C24.600.100%2CN%3Bui%2C25.0.0%2CN%3Babtest%2C24.100.0%2CN%3Bmessageservice%2C24.900.0%2CN%3Bb24connector%2C24.0.0%2CN%3Bmobileapp%2C24.100.100%2CN%3Bsale%2C24.300.0%2CN%3Bsocialservices%2C24.100.0%2CN%3Blanding%2C24.700.100%2CN%3Bpull%2C25.0.0%2CN%3Bbitrix.sitecorporate%2C24.0.0%2CN%3Bsubscribe%2C24.0.0%2CN%3Brest%2C24.700.0%2CN%3Bclouds%2C24.400.0%2CN%3Bsecurity%2C24.0.100%2CN%3Bsender%2C24.300.100%2CN%3Bforum%2C24.300.0%2CN%3Bbitrixcloud%2C24.100.0%2CN%3Breport%2C24.100.0%2CN%3Bhighloadblock%2C24.0.201%2CN%3Bbitrix.eshop%2C24.0.0%2CN%3Bstoreassist%2C24.0.0%2CN%3Biblock%2C24.200.0%2CN%3Bperfmon%2C24.100.0%2CN%3Bsearch%2C24.0.0%2CN%3Bphotogallery%2C25.0.0%2CN&reqm=bitrix.sitecorporate%2Cbitrix.eshop&fullmoduleinfo=Y&SUPD_SRS=RU&SUPD_CMP=N
2025-03-12 15:36:04 -  - exec CUpdateClientPartner::GetHTTPPage
2025-03-12 15:36:04 -  - TIME GetUpdatesList(request) 0.179 sec
2025-03-12 15:36:04 -  - exec CUpdateClientPartner::ParseServerData
2025-03-12 15:39:40 -  - exec CUpdateClientPartner::GetUpdatesList
2025-03-12 15:39:40 -  - exec CUpdateClientPartner::__CollectRequestData
2025-03-12 15:39:40 -  - utf=Y&lang=ru&stable=Y&CANGZIP=Y&SUPD_DBS=MYSQL&XE=N&CLIENT_SITE=tytkolesa.ru&LICENSE_KEY=X&SUPD_STS=1&SUPD_URS=0&TYPENC=E&CLIENT_PHPVER=8.2.27&NGINX=Y&dbv=8.0.25&instm=main%2C25.100.0%2CN%3Bform%2C24.0.0%2CN%3Bcurrency%2C24.0.0%2CN%3Bfileman%2C24.500.0%2CN%3Btranslate%2C24.100.0%2CN%3Bblog%2C24.300.0%2CN%3Bvote%2C24.0.100%2CN%3Bconversion%2C24.0.0%2CN%3Bcatalog%2C24.300.0%2CN%3Blocation%2C25.0.0%2CN%3Bseo%2C24.600.100%2CN%3Bui%2C25.0.0%2CN%3Babtest%2C24.100.0%2CN%3Bmessageservice%2C24.900.0%2CN%3Bb24connector%2C24.0.0%2CN%3Bmobileapp%2C24.100.100%2CN%3Bsale%2C24.300.0%2CN%3Bsocialservices%2C24.100.0%2CN%3Blanding%2C24.700.100%2CN%3Bpull%2C25.0.0%2CN%3Bbitrix.sitecorporate%2C24.0.0%2CN%3Bsubscribe%2C24.0.0%2CN%3Brest%2C24.700.0%2CN%3Bclouds%2C24.400.0%2CN%3Bsecurity%2C24.0.100%2CN%3Bsender%2C24.300.100%2CN%3Bforum%2C24.300.0%2CN%3Bbitrixcloud%2C24.100.0%2CN%3Breport%2C24.100.0%2CN%3Bhighloadblock%2C24.0.201%2CN%3Bbitrix.eshop%2C24.0.0%2CN%3Bstoreassist%2C24.0.0%2CN%3Biblock%2C24.200.0%2CN%3Bperfmon%2C24.100.0%2CN%3Bsearch%2C24.0.0%2CN%3Bphotogallery%2C25.0.0%2CN&reqm=bitrix.sitecorporate%2Cbitrix.eshop&fullmoduleinfo=Y&SUPD_SRS=RU&SUPD_CMP=N
2025-03-12 15:39:40 -  - exec CUpdateClientPartner::GetHTTPPage
2025-03-12 15:39:40 -  - TIME GetUpdatesList(request) 0.143 sec
2025-03-12 15:39:40 -  - exec CUpdateClientPartner::ParseServerData
2025-03-12 18:00:21 -  - exec CUpdateClientPartner::GetUpdatesList
2025-03-12 18:00:21 -  - exec CUpdateClientPartner::__CollectRequestData
2025-03-12 18:00:21 -  - utf=Y&lang=ru&stable=Y&CANGZIP=Y&SUPD_DBS=MYSQL&XE=N&CLIENT_SITE=tytkolesa.ru&LICENSE_KEY=X&SUPD_STS=1&SUPD_URS=0&TYPENC=E&CLIENT_PHPVER=8.2.27&NGINX=Y&dbv=8.0.25&instm=main%2C25.100.0%2CN%3Bform%2C24.0.0%2CN%3Bcurrency%2C24.0.0%2CN%3Bfileman%2C24.500.0%2CN%3Btranslate%2C24.100.0%2CN%3Bblog%2C24.300.0%2CN%3Bvote%2C24.0.100%2CN%3Bconversion%2C24.0.0%2CN%3Bcatalog%2C24.300.0%2CN%3Blocation%2C25.0.0%2CN%3Bseo%2C24.600.100%2CN%3Bui%2C25.0.0%2CN%3Babtest%2C24.100.0%2CN%3Bmessageservice%2C24.900.0%2CN%3Bb24connector%2C24.0.0%2CN%3Bmobileapp%2C24.100.100%2CN%3Bsale%2C24.300.0%2CN%3Bsocialservices%2C24.100.0%2CN%3Blanding%2C24.700.100%2CN%3Bpull%2C25.0.0%2CN%3Bbitrix.sitecorporate%2C24.0.0%2CN%3Bsubscribe%2C24.0.0%2CN%3Brest%2C24.700.0%2CN%3Bclouds%2C24.400.0%2CN%3Bsecurity%2C24.0.100%2CN%3Bsender%2C24.300.100%2CN%3Bforum%2C24.300.0%2CN%3Bbitrixcloud%2C24.100.0%2CN%3Breport%2C24.100.0%2CN%3Bhighloadblock%2C24.0.201%2CN%3Bbitrix.eshop%2C24.0.0%2CN%3Bstoreassist%2C24.0.0%2CN%3Biblock%2C24.200.0%2CN%3Bperfmon%2C24.100.0%2CN%3Bsearch%2C24.0.0%2CN%3Bphotogallery%2C25.0.0%2CN&reqm=bitrix.sitecorporate%2Cbitrix.eshop&fullmoduleinfo=Y&SUPD_SRS=RU&SUPD_CMP=N
2025-03-12 18:00:21 -  - exec CUpdateClientPartner::GetHTTPPage
2025-03-12 18:00:21 -  - TIME GetUpdatesList(request) 0.168 sec
2025-03-12 18:00:21 -  - exec CUpdateClientPartner::ParseServerData
